
*** Running vivado
    with args -log ALU.vdi -applog -m64 -product Vivado -messageDb vivado.pb -mode batch -source ALU.tcl -notrace


****** Vivado v2018.2 (64-bit)
  **** SW Build 2258646 on Thu Jun 14 20:02:38 MDT 2018
  **** IP Build 2256618 on Thu Jun 14 22:10:49 MDT 2018
    ** Copyright 1986-2018 Xilinx, Inc. All Rights Reserved.

source ALU.tcl -notrace
Command: link_design -top ALU -part xc7k70tfbv676-1
Design is defaulting to srcset: sources_1
Design is defaulting to constrset: constrs_1
INFO: [Project 1-479] Netlist was created with Vivado 2018.2
INFO: [Device 21-403] Loading part xc7k70tfbv676-1
INFO: [Project 1-570] Preparing netlist for logic optimization
INFO: [Project 1-111] Unisim Transformation Summary:
No Unisim elements were transformed.

4 Infos, 0 Warnings, 0 Critical Warnings and 0 Errors encountered.
link_design completed successfully
link_design: Time (s): cpu = 00:00:07 ; elapsed = 00:00:17 . Memory (MB): peak = 1413.230 ; gain = 249.414 ; free physical = 56922 ; free virtual = 69460
Command: opt_design
Attempting to get a license for feature 'Implementation' and/or device 'xc7k70t'
INFO: [Common 17-349] Got license for feature 'Implementation' and/or device 'xc7k70t'
Running DRC as a precondition to command opt_design

Starting DRC Task
INFO: [DRC 23-27] Running DRC with 8 threads
WARNING: [DRC RPBF-3] IO port buffering is incomplete: Device port S[0] expects both input and output buffering but the buffers are incomplete.
WARNING: [DRC RPBF-3] IO port buffering is incomplete: Device port S[1] expects both input and output buffering but the buffers are incomplete.
WARNING: [DRC RPBF-3] IO port buffering is incomplete: Device port S[2] expects both input and output buffering but the buffers are incomplete.
WARNING: [DRC RPBF-3] IO port buffering is incomplete: Device port S[3] expects both input and output buffering but the buffers are incomplete.
WARNING: [DRC RPBF-3] IO port buffering is incomplete: Device port S[4] expects both input and output buffering but the buffers are incomplete.
WARNING: [DRC RPBF-3] IO port buffering is incomplete: Device port S[5] expects both input and output buffering but the buffers are incomplete.
WARNING: [DRC RPBF-3] IO port buffering is incomplete: Device port S[6] expects both input and output buffering but the buffers are incomplete.
WARNING: [DRC RPBF-3] IO port buffering is incomplete: Device port S[7] expects both input and output buffering but the buffers are incomplete.
INFO: [Project 1-461] DRC finished with 0 Errors, 8 Warnings
INFO: [Project 1-462] Please refer to the DRC report (report_drc) for more information.

Time (s): cpu = 00:00:00.10 ; elapsed = 00:00:00.18 . Memory (MB): peak = 1477.262 ; gain = 64.031 ; free physical = 56925 ; free virtual = 69462

Starting Cache Timing Information Task
INFO: [Timing 38-35] Done setting XDC timing constraints.
Ending Cache Timing Information Task | Checksum: 102159909

Time (s): cpu = 00:00:08 ; elapsed = 00:00:18 . Memory (MB): peak = 1938.816 ; gain = 461.555 ; free physical = 56549 ; free virtual = 69086

Starting Logic Optimization Task

Phase 1 Retarget
INFO: [Opt 31-138] Pushed 0 inverter(s) to 0 load pin(s).
INFO: [Opt 31-49] Retargeted 0 cell(s).
Phase 1 Retarget | Checksum: 102159909

Time (s): cpu = 00:00:00.03 ; elapsed = 00:00:00.03 . Memory (MB): peak = 1938.816 ; gain = 0.000 ; free physical = 56549 ; free virtual = 69086
INFO: [Opt 31-389] Phase Retarget created 0 cells and removed 0 cells

Phase 2 Constant propagation
INFO: [Opt 31-138] Pushed 0 inverter(s) to 0 load pin(s).
Phase 2 Constant propagation | Checksum: 102159909

Time (s): cpu = 00:00:00.03 ; elapsed = 00:00:00.03 . Memory (MB): peak = 1938.816 ; gain = 0.000 ; free physical = 56549 ; free virtual = 69086
INFO: [Opt 31-389] Phase Constant propagation created 0 cells and removed 0 cells

Phase 3 Sweep
Phase 3 Sweep | Checksum: 102159909

Time (s): cpu = 00:00:00.03 ; elapsed = 00:00:00.04 . Memory (MB): peak = 1938.816 ; gain = 0.000 ; free physical = 56549 ; free virtual = 69086
INFO: [Opt 31-389] Phase Sweep created 0 cells and removed 0 cells

Phase 4 BUFG optimization
Phase 4 BUFG optimization | Checksum: 102159909

Time (s): cpu = 00:00:00.03 ; elapsed = 00:00:00.04 . Memory (MB): peak = 1938.816 ; gain = 0.000 ; free physical = 56549 ; free virtual = 69086
INFO: [Opt 31-662] Phase BUFG optimization created 0 cells of which 0 are BUFGs and removed 0 cells.

Phase 5 Shift Register Optimization
Phase 5 Shift Register Optimization | Checksum: 102159909

Time (s): cpu = 00:00:00.03 ; elapsed = 00:00:00.04 . Memory (MB): peak = 1938.816 ; gain = 0.000 ; free physical = 56549 ; free virtual = 69086
INFO: [Opt 31-389] Phase Shift Register Optimization created 0 cells and removed 0 cells

Phase 6 Post Processing Netlist
Phase 6 Post Processing Netlist | Checksum: 102159909

Time (s): cpu = 00:00:00.03 ; elapsed = 00:00:00.04 . Memory (MB): peak = 1938.816 ; gain = 0.000 ; free physical = 56549 ; free virtual = 69086
INFO: [Opt 31-389] Phase Post Processing Netlist created 0 cells and removed 0 cells

Starting Connectivity Check Task

Time (s): cpu = 00:00:00 ; elapsed = 00:00:00 . Memory (MB): peak = 1938.816 ; gain = 0.000 ; free physical = 56549 ; free virtual = 69086
Ending Logic Optimization Task | Checksum: 102159909

Time (s): cpu = 00:00:00.03 ; elapsed = 00:00:00.04 . Memory (MB): peak = 1938.816 ; gain = 0.000 ; free physical = 56549 ; free virtual = 69086

Starting Power Optimization Task
INFO: [Pwropt 34-132] Skipping clock gating for clocks with a period < 2.00 ns.
Ending Power Optimization Task | Checksum: 102159909

Time (s): cpu = 00:00:00.01 ; elapsed = 00:00:00.02 . Memory (MB): peak = 1938.816 ; gain = 0.000 ; free physical = 56549 ; free virtual = 69086

Starting Final Cleanup Task
Ending Final Cleanup Task | Checksum: 102159909

Time (s): cpu = 00:00:00 ; elapsed = 00:00:00 . Memory (MB): peak = 1938.816 ; gain = 0.000 ; free physical = 56549 ; free virtual = 69086
INFO: [Common 17-83] Releasing license: Implementation
20 Infos, 8 Warnings, 0 Critical Warnings and 0 Errors encountered.
opt_design completed successfully
opt_design: Time (s): cpu = 00:00:09 ; elapsed = 00:00:18 . Memory (MB): peak = 1938.816 ; gain = 525.586 ; free physical = 56549 ; free virtual = 69086
WARNING: [Constraints 18-5210] No constraint will be written out.
INFO: [Common 17-1381] The checkpoint '/home/badaou/Bureau/PSI/psi/psi.runs/impl_1/ALU_opt.dcp' has been generated.
INFO: [runtcl-4] Executing : report_drc -file ALU_drc_opted.rpt -pb ALU_drc_opted.pb -rpx ALU_drc_opted.rpx
Command: report_drc -file ALU_drc_opted.rpt -pb ALU_drc_opted.pb -rpx ALU_drc_opted.rpx
INFO: [IP_Flow 19-234] Refreshing IP repositories
INFO: [IP_Flow 19-1704] No user IP repositories specified
INFO: [IP_Flow 19-2313] Loaded Vivado IP repository '/usr/local/insa/Xilinx.VIVADO/Vivado/2018.2/data/ip'.
INFO: [DRC 23-27] Running DRC with 8 threads
INFO: [Coretcl 2-168] The results of DRC are in file /home/badaou/Bureau/PSI/psi/psi.runs/impl_1/ALU_drc_opted.rpt.
report_drc completed successfully
Command: place_design
Attempting to get a license for feature 'Implementation' and/or device 'xc7k70t'
INFO: [Common 17-349] Got license for feature 'Implementation' and/or device 'xc7k70t'
INFO: [DRC 23-27] Running DRC with 8 threads
INFO: [Vivado_Tcl 4-198] DRC finished with 0 Errors
INFO: [Vivado_Tcl 4-199] Please refer to the DRC report (report_drc) for more information.
Running DRC as a precondition to command place_design
INFO: [DRC 23-27] Running DRC with 8 threads
WARNING: [DRC RPBF-3] IO port buffering is incomplete: Device port S[0] expects both input and output buffering but the buffers are incomplete.
WARNING: [DRC RPBF-3] IO port buffering is incomplete: Device port S[1] expects both input and output buffering but the buffers are incomplete.
WARNING: [DRC RPBF-3] IO port buffering is incomplete: Device port S[2] expects both input and output buffering but the buffers are incomplete.
WARNING: [DRC RPBF-3] IO port buffering is incomplete: Device port S[3] expects both input and output buffering but the buffers are incomplete.
WARNING: [DRC RPBF-3] IO port buffering is incomplete: Device port S[4] expects both input and output buffering but the buffers are incomplete.
WARNING: [DRC RPBF-3] IO port buffering is incomplete: Device port S[5] expects both input and output buffering but the buffers are incomplete.
WARNING: [DRC RPBF-3] IO port buffering is incomplete: Device port S[6] expects both input and output buffering but the buffers are incomplete.
WARNING: [DRC RPBF-3] IO port buffering is incomplete: Device port S[7] expects both input and output buffering but the buffers are incomplete.
INFO: [Vivado_Tcl 4-198] DRC finished with 0 Errors, 8 Warnings
INFO: [Vivado_Tcl 4-199] Please refer to the DRC report (report_drc) for more information.

Starting Placer Task
INFO: [Place 30-611] Multithreading enabled for place_design using a maximum of 8 CPUs

Phase 1 Placer Initialization

Phase 1.1 Placer Initialization Netlist Sorting
Netlist sorting complete. Time (s): cpu = 00:00:00 ; elapsed = 00:00:00 . Memory (MB): peak = 2010.852 ; gain = 0.000 ; free physical = 56453 ; free virtual = 69024
Phase 1.1 Placer Initialization Netlist Sorting | Checksum: 2fb4cb62

Time (s): cpu = 00:00:00.01 ; elapsed = 00:00:00.03 . Memory (MB): peak = 2010.852 ; gain = 0.000 ; free physical = 56453 ; free virtual = 69024
Netlist sorting complete. Time (s): cpu = 00:00:00 ; elapsed = 00:00:00 . Memory (MB): peak = 2010.852 ; gain = 0.000 ; free physical = 56453 ; free virtual = 69024

Phase 1.2 IO Placement/ Clock Placement/ Build Placer Device
INFO: [Timing 38-35] Done setting XDC timing constraints.
Phase 1.2 IO Placement/ Clock Placement/ Build Placer Device | Checksum: bdd16eac

Time (s): cpu = 00:00:00.56 ; elapsed = 00:00:00.34 . Memory (MB): peak = 2029.859 ; gain = 19.008 ; free physical = 56452 ; free virtual = 69024

Phase 1.3 Build Placer Netlist Model
Phase 1.3 Build Placer Netlist Model | Checksum: 16349b064

Time (s): cpu = 00:00:00.61 ; elapsed = 00:00:00.36 . Memory (MB): peak = 2029.859 ; gain = 19.008 ; free physical = 56452 ; free virtual = 69024

Phase 1.4 Constrain Clocks/Macros
Phase 1.4 Constrain Clocks/Macros | Checksum: 16349b064

Time (s): cpu = 00:00:00.62 ; elapsed = 00:00:00.38 . Memory (MB): peak = 2029.859 ; gain = 19.008 ; free physical = 56452 ; free virtual = 69024
Phase 1 Placer Initialization | Checksum: 16349b064

Time (s): cpu = 00:00:00.62 ; elapsed = 00:00:00.38 . Memory (MB): peak = 2029.859 ; gain = 19.008 ; free physical = 56452 ; free virtual = 69024

Phase 2 Final Placement Cleanup
Phase 2 Final Placement Cleanup | Checksum: 16349b064

Time (s): cpu = 00:00:00.62 ; elapsed = 00:00:00.38 . Memory (MB): peak = 2029.859 ; gain = 19.008 ; free physical = 56452 ; free virtual = 69024
INFO: [Place 30-281] No place-able instance is found; design doesn't contain any instance or all instances are placed
Ending Placer Task | Checksum: bdd16eac

Time (s): cpu = 00:00:00.62 ; elapsed = 00:00:00.38 . Memory (MB): peak = 2029.859 ; gain = 19.008 ; free physical = 56452 ; free virtual = 69024
INFO: [Common 17-83] Releasing license: Implementation
38 Infos, 17 Warnings, 0 Critical Warnings and 0 Errors encountered.
place_design completed successfully
WARNING: [Constraints 18-5210] No constraint will be written out.
Writing placer database...
Writing XDEF routing.
Writing XDEF routing logical nets.
Writing XDEF routing special nets.
Write XDEF Complete: Time (s): cpu = 00:00:00.09 ; elapsed = 00:00:00.16 . Memory (MB): peak = 2029.859 ; gain = 0.000 ; free physical = 56452 ; free virtual = 69024
INFO: [Common 17-1381] The checkpoint '/home/badaou/Bureau/PSI/psi/psi.runs/impl_1/ALU_placed.dcp' has been generated.
INFO: [runtcl-4] Executing : report_io -file ALU_io_placed.rpt
report_io: Time (s): cpu = 00:00:00.14 ; elapsed = 00:00:00.18 . Memory (MB): peak = 2029.859 ; gain = 0.000 ; free physical = 56438 ; free virtual = 69022
INFO: [runtcl-4] Executing : report_utilization -file ALU_utilization_placed.rpt -pb ALU_utilization_placed.pb
report_utilization: Time (s): cpu = 00:00:00.06 ; elapsed = 00:00:00.10 . Memory (MB): peak = 2029.859 ; gain = 0.000 ; free physical = 56451 ; free virtual = 69018
INFO: [runtcl-4] Executing : report_control_sets -verbose -file ALU_control_sets_placed.rpt
report_control_sets: Time (s): cpu = 00:00:00.05 ; elapsed = 00:00:00.08 . Memory (MB): peak = 2029.859 ; gain = 0.000 ; free physical = 56514 ; free virtual = 69012
Command: route_design
Attempting to get a license for feature 'Implementation' and/or device 'xc7k70t'
INFO: [Common 17-349] Got license for feature 'Implementation' and/or device 'xc7k70t'
Running DRC as a precondition to command route_design
INFO: [DRC 23-27] Running DRC with 8 threads
INFO: [Vivado_Tcl 4-198] DRC finished with 0 Errors
INFO: [Vivado_Tcl 4-199] Please refer to the DRC report (report_drc) for more information.


Starting Routing Task
INFO: [Route 35-254] Multithreading enabled for route_design using a maximum of 8 CPUs
Checksum: PlaceDB: 8e1ca34a ConstDB: 0 ShapeSum: 2fb4cb62 RouteDB: 0

Phase 1 Build RT Design
Phase 1 Build RT Design | Checksum: 1d59fb92c

Time (s): cpu = 00:00:08 ; elapsed = 00:00:06 . Memory (MB): peak = 2191.543 ; gain = 161.684 ; free physical = 56320 ; free virtual = 68847
Post Restoration Checksum: NetGraph: ef6094f0 NumContArr: e63f243c Constraints: 0 Timing: 0

Phase 2 Router Initialization
INFO: [Route 35-64] No timing constraints were detected. The router will operate in resource-optimization mode.

Phase 2.1 Fix Topology Constraints
Phase 2.1 Fix Topology Constraints | Checksum: 1d59fb92c

Time (s): cpu = 00:00:08 ; elapsed = 00:00:06 . Memory (MB): peak = 2198.531 ; gain = 168.672 ; free physical = 56290 ; free virtual = 68816

Phase 2.2 Pre Route Cleanup
Phase 2.2 Pre Route Cleanup | Checksum: 1d59fb92c

Time (s): cpu = 00:00:08 ; elapsed = 00:00:06 . Memory (MB): peak = 2198.531 ; gain = 168.672 ; free physical = 56290 ; free virtual = 68816
 Number of Nodes with overlaps = 0
Phase 2 Router Initialization | Checksum: f4f169db

Time (s): cpu = 00:00:08 ; elapsed = 00:00:06 . Memory (MB): peak = 2203.906 ; gain = 174.047 ; free physical = 56287 ; free virtual = 68813

Phase 3 Initial Routing
 Number of Nodes with overlaps = 0
Phase 3 Initial Routing | Checksum: f4f169db

Time (s): cpu = 00:00:08 ; elapsed = 00:00:06 . Memory (MB): peak = 2203.906 ; gain = 174.047 ; free physical = 56287 ; free virtual = 68813

Phase 4 Rip-up And Reroute

Phase 4.1 Global Iteration 0
Phase 4.1 Global Iteration 0 | Checksum: f4f169db

Time (s): cpu = 00:00:08 ; elapsed = 00:00:06 . Memory (MB): peak = 2203.906 ; gain = 174.047 ; free physical = 56287 ; free virtual = 68813
Phase 4 Rip-up And Reroute | Checksum: f4f169db

Time (s): cpu = 00:00:08 ; elapsed = 00:00:06 . Memory (MB): peak = 2203.906 ; gain = 174.047 ; free physical = 56287 ; free virtual = 68813

Phase 5 Delay and Skew Optimization
Phase 5 Delay and Skew Optimization | Checksum: f4f169db

Time (s): cpu = 00:00:08 ; elapsed = 00:00:06 . Memory (MB): peak = 2203.906 ; gain = 174.047 ; free physical = 56287 ; free virtual = 68813

Phase 6 Post Hold Fix

Phase 6.1 Hold Fix Iter
Phase 6.1 Hold Fix Iter | Checksum: f4f169db

Time (s): cpu = 00:00:08 ; elapsed = 00:00:06 . Memory (MB): peak = 2203.906 ; gain = 174.047 ; free physical = 56287 ; free virtual = 68813
Phase 6 Post Hold Fix | Checksum: f4f169db

Time (s): cpu = 00:00:08 ; elapsed = 00:00:06 . Memory (MB): peak = 2203.906 ; gain = 174.047 ; free physical = 56287 ; free virtual = 68813

Phase 7 Route finalize

Router Utilization Summary
  Global Vertical Routing Utilization    = 0 %
  Global Horizontal Routing Utilization  = 0 %
  Routable Net Status*
  *Does not include unroutable nets such as driverless and loadless.
  Run report_route_status for detailed report.
  Number of Failed Nets               = 0
  Number of Unrouted Nets             = 0
  Number of Partially Routed Nets     = 0
  Number of Node Overlaps             = 0

Congestion Report
North Dir 1x1 Area, Max Cong = 0%, No Congested Regions.
South Dir 1x1 Area, Max Cong = 0%, No Congested Regions.
East Dir 1x1 Area, Max Cong = 0%, No Congested Regions.
West Dir 1x1 Area, Max Cong = 0%, No Congested Regions.

------------------------------
Reporting congestion hotspots
------------------------------
Direction: North
----------------
Congested clusters found at Level 0
Effective congestion level: 0 Aspect Ratio: 1 Sparse Ratio: 0
Direction: South
----------------
Congested clusters found at Level 0
Effective congestion level: 0 Aspect Ratio: 1 Sparse Ratio: 0
Direction: East
----------------
Congested clusters found at Level 0
Effective congestion level: 0 Aspect Ratio: 1 Sparse Ratio: 0
Direction: West
----------------
Congested clusters found at Level 0
Effective congestion level: 0 Aspect Ratio: 1 Sparse Ratio: 0

Phase 7 Route finalize | Checksum: f4f169db

Time (s): cpu = 00:00:08 ; elapsed = 00:00:06 . Memory (MB): peak = 2203.906 ; gain = 174.047 ; free physical = 56287 ; free virtual = 68813

Phase 8 Verifying routed nets

 Verification completed successfully
Phase 8 Verifying routed nets | Checksum: f4f169db

Time (s): cpu = 00:00:08 ; elapsed = 00:00:06 . Memory (MB): peak = 2206.906 ; gain = 177.047 ; free physical = 56286 ; free virtual = 68812

Phase 9 Depositing Routes
Phase 9 Depositing Routes | Checksum: f4f169db

Time (s): cpu = 00:00:08 ; elapsed = 00:00:06 . Memory (MB): peak = 2206.906 ; gain = 177.047 ; free physical = 56286 ; free virtual = 68812
INFO: [Route 35-16] Router Completed Successfully

Time (s): cpu = 00:00:08 ; elapsed = 00:00:06 . Memory (MB): peak = 2206.906 ; gain = 177.047 ; free physical = 56316 ; free virtual = 68843

Routing Is Done.
INFO: [Common 17-83] Releasing license: Implementation
50 Infos, 18 Warnings, 0 Critical Warnings and 0 Errors encountered.
route_design completed successfully
route_design: Time (s): cpu = 00:00:09 ; elapsed = 00:00:07 . Memory (MB): peak = 2206.906 ; gain = 177.047 ; free physical = 56318 ; free virtual = 68844
WARNING: [Constraints 18-5210] No constraint will be written out.
Writing placer database...
Writing XDEF routing.
Writing XDEF routing logical nets.
Writing XDEF routing special nets.
Write XDEF Complete: Time (s): cpu = 00:00:00.01 ; elapsed = 00:00:00.02 . Memory (MB): peak = 2206.906 ; gain = 0.000 ; free physical = 56317 ; free virtual = 68844
INFO: [Common 17-1381] The checkpoint '/home/badaou/Bureau/PSI/psi/psi.runs/impl_1/ALU_routed.dcp' has been generated.
INFO: [runtcl-4] Executing : report_drc -file ALU_drc_routed.rpt -pb ALU_drc_routed.pb -rpx ALU_drc_routed.rpx
Command: report_drc -file ALU_drc_routed.rpt -pb ALU_drc_routed.pb -rpx ALU_drc_routed.rpx
INFO: [DRC 23-27] Running DRC with 8 threads
INFO: [Coretcl 2-168] The results of DRC are in file /home/badaou/Bureau/PSI/psi/psi.runs/impl_1/ALU_drc_routed.rpt.
report_drc completed successfully
INFO: [runtcl-4] Executing : report_methodology -file ALU_methodology_drc_routed.rpt -pb ALU_methodology_drc_routed.pb -rpx ALU_methodology_drc_routed.rpx
Command: report_methodology -file ALU_methodology_drc_routed.rpt -pb ALU_methodology_drc_routed.pb -rpx ALU_methodology_drc_routed.rpx
INFO: [Timing 38-35] Done setting XDC timing constraints.
INFO: [Timing 38-35] Done setting XDC timing constraints.
INFO: [DRC 23-133] Running Methodology with 8 threads
INFO: [Coretcl 2-1520] The results of Report Methodology are in file /home/badaou/Bureau/PSI/psi/psi.runs/impl_1/ALU_methodology_drc_routed.rpt.
report_methodology completed successfully
INFO: [runtcl-4] Executing : report_power -file ALU_power_routed.rpt -pb ALU_power_summary_routed.pb -rpx ALU_power_routed.rpx
Command: report_power -file ALU_power_routed.rpt -pb ALU_power_summary_routed.pb -rpx ALU_power_routed.rpx
WARNING: [Power 33-232] No user defined clocks were found in the design!
Resolution: Please specify clocks using create_clock/create_generated_clock for sequential elements. For pure combinatorial circuits, please specify a virtual clock, otherwise the vectorless estimation might be inaccurate
INFO: [Timing 38-35] Done setting XDC timing constraints.
Running Vector-less Activity Propagation...

Finished Running Vector-less Activity Propagation
61 Infos, 20 Warnings, 0 Critical Warnings and 0 Errors encountered.
report_power completed successfully
INFO: [runtcl-4] Executing : report_route_status -file ALU_route_status.rpt -pb ALU_route_status.pb
INFO: [runtcl-4] Executing : report_timing_summary -max_paths 10 -file ALU_timing_summary_routed.rpt -pb ALU_timing_summary_routed.pb -rpx ALU_timing_summary_routed.rpx -warn_on_violation 
INFO: [Timing 38-91] UpdateTimingParams: Speed grade: -1, Delay Type: min_max, Timing Stage: Requireds.
INFO: [Timing 38-191] Multithreading enabled for timing update using a maximum of 8 CPUs
WARNING: [Timing 38-313] There are no user specified timing constraints. Timing constraints are needed for proper timing analysis.
INFO: [runtcl-4] Executing : report_incremental_reuse -file ALU_incremental_reuse_routed.rpt
INFO: [Vivado_Tcl 4-545] No incremental reuse to report, no incremental placement and routing data was found.
INFO: [runtcl-4] Executing : report_clock_utilization -file ALU_clock_utilization_routed.rpt
INFO: [runtcl-4] Executing : report_bus_skew -warn_on_violation -file ALU_bus_skew_routed.rpt -pb ALU_bus_skew_routed.pb -rpx ALU_bus_skew_routed.rpx
INFO: [Timing 38-91] UpdateTimingParams: Speed grade: -1, Delay Type: min_max, Timing Stage: Requireds.
INFO: [Timing 38-191] Multithreading enabled for timing update using a maximum of 8 CPUs
INFO: [Common 17-206] Exiting Vivado at Mon May 15 14:35:24 2023...
