INFO: [VRFC 10-163] Analyzing VHDL file "/home/badaou/Bureau/PSI/psi/psi.srcs/sources_1/new/banc_registre.vhd" into library xil_defaultlib
INFO: [VRFC 10-307] analyzing entity banc_registre
INFO: [VRFC 10-163] Analyzing VHDL file "/home/badaou/Bureau/PSI/psi/psi.srcs/sim_1/new/test_banc_registre.vhd" into library xil_defaultlib
INFO: [VRFC 10-307] analyzing entity test_banc_registre
INFO: [VRFC 10-163] Analyzing VHDL file "/home/badaou/Bureau/PSI/psi/psi.srcs/sim_1/new/test_banc_registre.vhd" into library xil_defaultlib
INFO: [VRFC 10-307] analyzing entity test_banc_registre
INFO: [VRFC 10-163] Analyzing VHDL file "/home/badaou/Bureau/PSI/psi/psi.srcs/sim_1/new/test_banc_registre.vhd" into library xil_defaultlib
INFO: [VRFC 10-307] analyzing entity test_banc_registre
INFO: [VRFC 10-163] Analyzing VHDL file "/home/badaou/Bureau/PSI/psi/psi.srcs/sim_1/new/test_banc_registre.vhd" into library xil_defaultlib
INFO: [VRFC 10-307] analyzing entity test_banc_registre
INFO: [VRFC 10-163] Analyzing VHDL file "/home/badaou/Bureau/PSI/psi/psi.srcs/sim_1/new/test_banc_registre.vhd" into library xil_defaultlib
INFO: [VRFC 10-307] analyzing entity test_banc_registre
INFO: [VRFC 10-163] Analyzing VHDL file "/home/badaou/Bureau/PSI/psi/psi.srcs/sim_1/new/test_banc_registre.vhd" into library xil_defaultlib
INFO: [VRFC 10-307] analyzing entity test_banc_registre
INFO: [VRFC 10-163] Analyzing VHDL file "/home/badaou/Bureau/PSI/psi/psi.srcs/sim_1/new/test_banc_registre.vhd" into library xil_defaultlib
INFO: [VRFC 10-307] analyzing entity test_banc_registre
INFO: [VRFC 10-163] Analyzing VHDL file "/home/badaou/Bureau/PSI/psi/psi.srcs/sim_1/new/test_banc_registre.vhd" into library xil_defaultlib
INFO: [VRFC 10-307] analyzing entity test_banc_registre
INFO: [VRFC 10-163] Analyzing VHDL file "/home/badaou/Bureau/PSI/psi/psi.srcs/sim_1/new/test_banc_registre.vhd" into library xil_defaultlib
INFO: [VRFC 10-307] analyzing entity test_banc_registre
INFO: [VRFC 10-163] Analyzing VHDL file "/home/badaou/Bureau/PSI/psi/psi.srcs/sources_1/new/banc_registre.vhd" into library xil_defaultlib
INFO: [VRFC 10-307] analyzing entity banc_registre
INFO: [VRFC 10-163] Analyzing VHDL file "/home/badaou/Bureau/PSI/psi/psi.srcs/sources_1/new/banc_registre.vhd" into library xil_defaultlib
INFO: [VRFC 10-307] analyzing entity banc_registre
INFO: [VRFC 10-163] Analyzing VHDL file "/home/badaou/Bureau/PSI/psi/psi.srcs/sim_1/new/test_banc_registre.vhd" into library xil_defaultlib
INFO: [VRFC 10-307] analyzing entity test_banc_registre
INFO: [VRFC 10-163] Analyzing VHDL file "/home/badaou/Bureau/PSI/psi/psi.srcs/sources_1/new/banc_registre.vhd" into library xil_defaultlib
INFO: [VRFC 10-307] analyzing entity banc_registre
INFO: [VRFC 10-163] Analyzing VHDL file "/home/badaou/Bureau/PSI/psi/psi.srcs/sim_1/new/test_banc_registre.vhd" into library xil_defaultlib
INFO: [VRFC 10-307] analyzing entity test_banc_registre
INFO: [VRFC 10-163] Analyzing VHDL file "/home/badaou/Bureau/PSI/psi/psi.srcs/sources_1/new/banc_registre.vhd" into library xil_defaultlib
INFO: [VRFC 10-307] analyzing entity banc_registre
INFO: [VRFC 10-163] Analyzing VHDL file "/home/badaou/Bureau/PSI/psi/psi.srcs/sim_1/new/test_banc_registre.vhd" into library xil_defaultlib
INFO: [VRFC 10-307] analyzing entity test_banc_registre
INFO: [VRFC 10-163] Analyzing VHDL file "/home/badaou/Bureau/PSI/psi/psi.srcs/sim_1/new/test_banc_registre.vhd" into library xil_defaultlib
INFO: [VRFC 10-307] analyzing entity test_banc_registre
INFO: [VRFC 10-163] Analyzing VHDL file "/home/badaou/Bureau/PSI/psi/psi.srcs/sim_1/new/test_banc_registre.vhd" into library xil_defaultlib
INFO: [VRFC 10-307] analyzing entity test_banc_registre
INFO: [VRFC 10-163] Analyzing VHDL file "/home/badaou/Bureau/PSI/psi/psi.srcs/sources_1/new/ALU_.vhd" into library xil_defaultlib
INFO: [VRFC 10-307] analyzing entity ALU
INFO: [VRFC 10-163] Analyzing VHDL file "/home/badaou/Bureau/PSI/psi/psi.srcs/sim_1/new/test_alu.vhd" into library xil_defaultlib
INFO: [VRFC 10-307] analyzing entity test_alu
INFO: [VRFC 10-163] Analyzing VHDL file "/home/badaou/Bureau/PSI/psi/psi.srcs/sources_1/new/ALU_.vhd" into library xil_defaultlib
INFO: [VRFC 10-307] analyzing entity ALU
INFO: [VRFC 10-163] Analyzing VHDL file "/home/badaou/Bureau/PSI/psi/psi.srcs/sim_1/new/test_alu.vhd" into library xil_defaultlib
INFO: [VRFC 10-307] analyzing entity test_alu
INFO: [VRFC 10-163] Analyzing VHDL file "/home/badaou/Bureau/PSI/psi/psi.srcs/sources_1/new/ALU_.vhd" into library xil_defaultlib
INFO: [VRFC 10-307] analyzing entity ALU
INFO: [VRFC 10-163] Analyzing VHDL file "/home/badaou/Bureau/PSI/psi/psi.srcs/sim_1/new/test_alu.vhd" into library xil_defaultlib
INFO: [VRFC 10-307] analyzing entity test_alu
INFO: [VRFC 10-163] Analyzing VHDL file "/home/badaou/Bureau/PSI/psi/psi.srcs/sim_1/new/test_alu.vhd" into library xil_defaultlib
INFO: [VRFC 10-307] analyzing entity test_alu
INFO: [VRFC 10-163] Analyzing VHDL file "/home/badaou/Bureau/PSI/psi/psi.srcs/sources_1/new/ALU_.vhd" into library xil_defaultlib
INFO: [VRFC 10-307] analyzing entity ALU
INFO: [VRFC 10-163] Analyzing VHDL file "/home/badaou/Bureau/PSI/psi/psi.srcs/sources_1/new/ALU_.vhd" into library xil_defaultlib
INFO: [VRFC 10-307] analyzing entity ALU
INFO: [VRFC 10-163] Analyzing VHDL file "/home/badaou/Bureau/PSI/psi/psi.srcs/sources_1/new/ALU_.vhd" into library xil_defaultlib
INFO: [VRFC 10-307] analyzing entity ALU
INFO: [VRFC 10-163] Analyzing VHDL file "/home/badaou/Bureau/PSI/psi/psi.srcs/sources_1/new/ALU_.vhd" into library xil_defaultlib
INFO: [VRFC 10-307] analyzing entity ALU
INFO: [VRFC 10-163] Analyzing VHDL file "/home/badaou/Bureau/PSI/psi/psi.srcs/sources_1/new/ALU_.vhd" into library xil_defaultlib
INFO: [VRFC 10-307] analyzing entity ALU
INFO: [VRFC 10-163] Analyzing VHDL file "/home/badaou/Bureau/PSI/psi/psi.srcs/sources_1/new/ALU_.vhd" into library xil_defaultlib
INFO: [VRFC 10-307] analyzing entity ALU
INFO: [VRFC 10-163] Analyzing VHDL file "/home/badaou/Bureau/PSI/psi/psi.srcs/sim_1/new/test_alu.vhd" into library xil_defaultlib
INFO: [VRFC 10-307] analyzing entity test_alu
INFO: [VRFC 10-163] Analyzing VHDL file "/home/badaou/Bureau/PSI/psi/psi.srcs/sources_1/new/ALU_.vhd" into library xil_defaultlib
INFO: [VRFC 10-307] analyzing entity ALU
INFO: [VRFC 10-163] Analyzing VHDL file "/home/badaou/Bureau/PSI/psi/psi.srcs/sources_1/new/ALU_.vhd" into library xil_defaultlib
INFO: [VRFC 10-307] analyzing entity ALU
INFO: [VRFC 10-163] Analyzing VHDL file "/home/badaou/Bureau/PSI/psi/psi.srcs/sources_1/new/ALU_.vhd" into library xil_defaultlib
INFO: [VRFC 10-307] analyzing entity ALU
INFO: [VRFC 10-163] Analyzing VHDL file "/home/badaou/Bureau/PSI/psi/psi.srcs/sources_1/new/ALU_.vhd" into library xil_defaultlib
INFO: [VRFC 10-307] analyzing entity ALU
INFO: [VRFC 10-163] Analyzing VHDL file "/home/badaou/Bureau/PSI/psi/psi.srcs/sources_1/new/ALU_.vhd" into library xil_defaultlib
INFO: [VRFC 10-307] analyzing entity ALU
INFO: [VRFC 10-163] Analyzing VHDL file "/home/badaou/Bureau/PSI/psi/psi.srcs/sim_1/new/test_alu.vhd" into library xil_defaultlib
INFO: [VRFC 10-307] analyzing entity test_alu
INFO: [VRFC 10-163] Analyzing VHDL file "/home/badaou/Bureau/PSI/psi/psi.srcs/sources_1/new/ALU_.vhd" into library xil_defaultlib
INFO: [VRFC 10-307] analyzing entity ALU
INFO: [VRFC 10-163] Analyzing VHDL file "/home/badaou/Bureau/PSI/psi/psi.srcs/sim_1/new/test_alu.vhd" into library xil_defaultlib
INFO: [VRFC 10-307] analyzing entity test_alu
INFO: [VRFC 10-163] Analyzing VHDL file "/home/badaou/Bureau/PSI/psi/psi.srcs/sim_1/new/test_alu.vhd" into library xil_defaultlib
INFO: [VRFC 10-307] analyzing entity test_alu
INFO: [VRFC 10-163] Analyzing VHDL file "/home/badaou/Bureau/PSI/psi/psi.srcs/sources_1/new/ALU_.vhd" into library xil_defaultlib
INFO: [VRFC 10-307] analyzing entity ALU
INFO: [VRFC 10-163] Analyzing VHDL file "/home/badaou/Bureau/PSI/psi/psi.srcs/sources_1/new/ALU_.vhd" into library xil_defaultlib
INFO: [VRFC 10-307] analyzing entity ALU
INFO: [VRFC 10-163] Analyzing VHDL file "/home/badaou/Bureau/PSI/psi/psi.srcs/sources_1/new/ALU_.vhd" into library xil_defaultlib
INFO: [VRFC 10-307] analyzing entity ALU
INFO: [VRFC 10-163] Analyzing VHDL file "/home/badaou/Bureau/PSI/psi/psi.srcs/sources_1/new/ALU_.vhd" into library xil_defaultlib
INFO: [VRFC 10-307] analyzing entity ALU
INFO: [VRFC 10-163] Analyzing VHDL file "/home/badaou/Bureau/PSI/psi/psi.srcs/sources_1/new/ALU_.vhd" into library xil_defaultlib
INFO: [VRFC 10-307] analyzing entity ALU
INFO: [VRFC 10-163] Analyzing VHDL file "/home/badaou/Bureau/PSI/psi/psi.srcs/sources_1/new/ALU_.vhd" into library xil_defaultlib
INFO: [VRFC 10-307] analyzing entity ALU
INFO: [VRFC 10-163] Analyzing VHDL file "/home/badaou/Bureau/PSI/psi/psi.srcs/sources_1/new/ALU_.vhd" into library xil_defaultlib
INFO: [VRFC 10-307] analyzing entity ALU
INFO: [VRFC 10-163] Analyzing VHDL file "/home/badaou/Bureau/PSI/psi/psi.srcs/sources_1/new/ALU_.vhd" into library xil_defaultlib
INFO: [VRFC 10-307] analyzing entity ALU
INFO: [VRFC 10-163] Analyzing VHDL file "/home/badaou/Bureau/PSI/psi/psi.srcs/sim_1/new/test_alu.vhd" into library xil_defaultlib
INFO: [VRFC 10-307] analyzing entity test_alu
INFO: [VRFC 10-163] Analyzing VHDL file "/home/badaou/Bureau/PSI/psi/psi.srcs/sources_1/new/ALU_.vhd" into library xil_defaultlib
INFO: [VRFC 10-307] analyzing entity ALU
INFO: [VRFC 10-163] Analyzing VHDL file "/home/badaou/Bureau/PSI/psi/psi.srcs/sources_1/new/MD.vhd" into library xil_defaultlib
INFO: [VRFC 10-307] analyzing entity MD
INFO: [VRFC 10-163] Analyzing VHDL file "/home/badaou/Bureau/PSI/psi/psi.srcs/sim_1/new/test_MD.vhd" into library xil_defaultlib
INFO: [VRFC 10-307] analyzing entity test_MD
INFO: [VRFC 10-163] Analyzing VHDL file "/home/badaou/Bureau/PSI/psi/psi.srcs/sim_1/new/test_MD.vhd" into library xil_defaultlib
INFO: [VRFC 10-307] analyzing entity test_MD
INFO: [VRFC 10-163] Analyzing VHDL file "/home/badaou/Bureau/PSI/psi/psi.srcs/sim_1/new/test_MD.vhd" into library xil_defaultlib
INFO: [VRFC 10-307] analyzing entity test_MD
INFO: [VRFC 10-163] Analyzing VHDL file "/home/badaou/Bureau/PSI/psi/psi.srcs/sim_1/new/test_MD.vhd" into library xil_defaultlib
INFO: [VRFC 10-307] analyzing entity test_MD
INFO: [VRFC 10-163] Analyzing VHDL file "/home/badaou/Bureau/PSI/psi/psi.srcs/sim_1/new/test_MD.vhd" into library xil_defaultlib
INFO: [VRFC 10-307] analyzing entity test_MD
INFO: [VRFC 10-163] Analyzing VHDL file "/home/badaou/Bureau/PSI/psi/psi.srcs/sim_1/new/test_MD.vhd" into library xil_defaultlib
INFO: [VRFC 10-307] analyzing entity test_MD
INFO: [VRFC 10-163] Analyzing VHDL file "/home/badaou/Bureau/PSI/psi/psi.srcs/sources_1/new/MD.vhd" into library xil_defaultlib
INFO: [VRFC 10-307] analyzing entity MD
INFO: [VRFC 10-163] Analyzing VHDL file "/home/badaou/Bureau/PSI/psi/psi.srcs/sources_1/new/MI.vhd" into library xil_defaultlib
INFO: [VRFC 10-307] analyzing entity MI
INFO: [VRFC 10-163] Analyzing VHDL file "/home/badaou/Bureau/PSI/psi/psi.srcs/sim_1/new/test_MI.vhd" into library xil_defaultlib
INFO: [VRFC 10-307] analyzing entity test_MI
INFO: [VRFC 10-163] Analyzing VHDL file "/home/badaou/Bureau/PSI/psi/psi.srcs/sim_1/new/chemin_donnees.vhd" into library xil_defaultlib
INFO: [VRFC 10-307] analyzing entity chemin_donnees
INFO: [VRFC 10-163] Analyzing VHDL file "/home/badaou/Bureau/PSI/psi/psi.srcs/sim_1/new/chemin_donnees.vhd" into library xil_defaultlib
INFO: [VRFC 10-307] analyzing entity chemin_donnees
INFO: [VRFC 10-163] Analyzing VHDL file "/home/badaou/Bureau/PSI/psi/psi.srcs/sim_1/new/chemin_donnees.vhd" into library xil_defaultlib
INFO: [VRFC 10-307] analyzing entity chemin_donnees
INFO: [VRFC 10-163] Analyzing VHDL file "/home/badaou/Bureau/PSI/psi/psi.srcs/sim_1/new/chemin_donnees.vhd" into library xil_defaultlib
INFO: [VRFC 10-307] analyzing entity chemin_donnees
INFO: [VRFC 10-163] Analyzing VHDL file "/home/badaou/Bureau/PSI/psi/psi.srcs/sim_1/new/chemin_donnees.vhd" into library xil_defaultlib
INFO: [VRFC 10-307] analyzing entity chemin_donnees
INFO: [VRFC 10-163] Analyzing VHDL file "/home/badaou/Bureau/PSI/psi/psi.srcs/sim_1/new/chemin_donnees.vhd" into library xil_defaultlib
INFO: [VRFC 10-307] analyzing entity chemin_donnees
INFO: [VRFC 10-163] Analyzing VHDL file "/home/badaou/Bureau/PSI/psi/psi.srcs/sim_1/new/chemin_donnees.vhd" into library xil_defaultlib
INFO: [VRFC 10-307] analyzing entity chemin_donnees
INFO: [VRFC 10-163] Analyzing VHDL file "/home/badaou/Bureau/PSI/psi/psi.srcs/sim_1/new/chemin_donnees.vhd" into library xil_defaultlib
INFO: [VRFC 10-307] analyzing entity chemin_donnees
INFO: [VRFC 10-163] Analyzing VHDL file "/home/badaou/Bureau/PSI/psi/psi.srcs/sim_1/new/chemin_donnees.vhd" into library xil_defaultlib
INFO: [VRFC 10-307] analyzing entity chemin_donnees
INFO: [VRFC 10-163] Analyzing VHDL file "/home/badaou/Bureau/PSI/psi/psi.srcs/sim_1/new/chemin_donnees.vhd" into library xil_defaultlib
INFO: [VRFC 10-307] analyzing entity chemin_donnees
INFO: [VRFC 10-163] Analyzing VHDL file "/home/badaou/Bureau/PSI/psi/psi.srcs/sim_1/new/chemin_donnees.vhd" into library xil_defaultlib
INFO: [VRFC 10-307] analyzing entity chemin_donnees
INFO: [VRFC 10-163] Analyzing VHDL file "/home/badaou/Bureau/PSI/psi/psi.srcs/sim_1/new/chemin_donnees.vhd" into library xil_defaultlib
INFO: [VRFC 10-307] analyzing entity chemin_donnees
INFO: [VRFC 10-163] Analyzing VHDL file "/home/badaou/Bureau/PSI/psi/psi.srcs/sim_1/new/chemin_donnees.vhd" into library xil_defaultlib
INFO: [VRFC 10-307] analyzing entity chemin_donnees
INFO: [VRFC 10-163] Analyzing VHDL file "/home/badaou/Bureau/PSI/psi/psi.srcs/sim_1/new/chemin_donnees.vhd" into library xil_defaultlib
INFO: [VRFC 10-307] analyzing entity chemin_donnees
INFO: [VRFC 10-163] Analyzing VHDL file "/home/badaou/Bureau/PSI/psi/psi.srcs/sim_1/new/test_MI.vhd" into library xil_defaultlib
INFO: [VRFC 10-307] analyzing entity test_MI
INFO: [VRFC 10-163] Analyzing VHDL file "/home/badaou/Bureau/PSI/psi/psi.srcs/sim_1/new/chemin_donnees.vhd" into library xil_defaultlib
INFO: [VRFC 10-307] analyzing entity chemin_donnees
INFO: [VRFC 10-163] Analyzing VHDL file "/home/badaou/Bureau/PSI/psi/psi.srcs/sim_1/new/chemin_donnees.vhd" into library xil_defaultlib
INFO: [VRFC 10-307] analyzing entity chemin_donnees
INFO: [VRFC 10-163] Analyzing VHDL file "/home/badaou/Bureau/PSI/psi/psi.srcs/sim_1/new/chemin_donnees.vhd" into library xil_defaultlib
INFO: [VRFC 10-307] analyzing entity chemin_donnees
INFO: [VRFC 10-163] Analyzing VHDL file "/home/badaou/Bureau/PSI/psi/psi.srcs/sim_1/new/chemin_donnees.vhd" into library xil_defaultlib
INFO: [VRFC 10-307] analyzing entity chemin_donnees
INFO: [VRFC 10-163] Analyzing VHDL file "/home/badaou/Bureau/PSI/psi/psi.srcs/sim_1/new/chemin_donnees.vhd" into library xil_defaultlib
INFO: [VRFC 10-307] analyzing entity chemin_donnees
INFO: [VRFC 10-163] Analyzing VHDL file "/home/badaou/Bureau/PSI/psi/psi.srcs/sim_1/new/chemin_donnees.vhd" into library xil_defaultlib
INFO: [VRFC 10-307] analyzing entity chemin_donnees
INFO: [VRFC 10-163] Analyzing VHDL file "/home/badaou/Bureau/PSI/psi/psi.srcs/sources_1/new/MI.vhd" into library xil_defaultlib
INFO: [VRFC 10-307] analyzing entity MI
INFO: [VRFC 10-163] Analyzing VHDL file "/home/badaou/Bureau/PSI/psi/psi.srcs/sources_1/new/banc_registre.vhd" into library xil_defaultlib
INFO: [VRFC 10-307] analyzing entity banc_registre
INFO: [VRFC 10-163] Analyzing VHDL file "/home/badaou/Bureau/PSI/psi/psi.srcs/sim_1/new/chemin_donnees.vhd" into library xil_defaultlib
INFO: [VRFC 10-307] analyzing entity chemin_donnees
INFO: [VRFC 10-163] Analyzing VHDL file "/home/badaou/Bureau/PSI/psi/psi.srcs/sources_1/new/MI.vhd" into library xil_defaultlib
INFO: [VRFC 10-307] analyzing entity MI
INFO: [VRFC 10-163] Analyzing VHDL file "/home/badaou/Bureau/PSI/psi/psi.srcs/sources_1/new/banc_registre.vhd" into library xil_defaultlib
INFO: [VRFC 10-307] analyzing entity banc_registre
INFO: [VRFC 10-163] Analyzing VHDL file "/home/badaou/Bureau/PSI/psi/psi.srcs/sources_1/new/banc_registre.vhd" into library xil_defaultlib
INFO: [VRFC 10-307] analyzing entity banc_registre
INFO: [VRFC 10-163] Analyzing VHDL file "/home/badaou/Bureau/PSI/psi/psi.srcs/sources_1/new/banc_registre.vhd" into library xil_defaultlib
INFO: [VRFC 10-307] analyzing entity banc_registre
INFO: [VRFC 10-163] Analyzing VHDL file "/home/badaou/Bureau/PSI/psi/psi.srcs/sources_1/new/banc_registre.vhd" into library xil_defaultlib
INFO: [VRFC 10-307] analyzing entity banc_registre
INFO: [VRFC 10-163] Analyzing VHDL file "/home/badaou/Bureau/PSI/psi/psi.srcs/sources_1/new/banc_registre.vhd" into library xil_defaultlib
INFO: [VRFC 10-307] analyzing entity banc_registre
INFO: [VRFC 10-163] Analyzing VHDL file "/home/badaou/Bureau/PSI/psi/psi.srcs/sources_1/new/banc_registre.vhd" into library xil_defaultlib
INFO: [VRFC 10-307] analyzing entity banc_registre
INFO: [VRFC 10-163] Analyzing VHDL file "/home/badaou/Bureau/PSI/psi/psi.srcs/sources_1/new/banc_registre.vhd" into library xil_defaultlib
INFO: [VRFC 10-307] analyzing entity banc_registre
INFO: [VRFC 10-163] Analyzing VHDL file "/home/badaou/Bureau/PSI/psi/psi.srcs/sources_1/new/MI.vhd" into library xil_defaultlib
INFO: [VRFC 10-307] analyzing entity MI
INFO: [VRFC 10-163] Analyzing VHDL file "/home/badaou/Bureau/PSI/psi/psi.srcs/sources_1/new/banc_registre.vhd" into library xil_defaultlib
INFO: [VRFC 10-307] analyzing entity banc_registre
INFO: [VRFC 10-163] Analyzing VHDL file "/home/badaou/Bureau/PSI/psi/psi.srcs/sources_1/new/ALU_.vhd" into library xil_defaultlib
INFO: [VRFC 10-307] analyzing entity ALU
INFO: [VRFC 10-163] Analyzing VHDL file "/home/badaou/Bureau/PSI/psi/psi.srcs/sources_1/new/MI.vhd" into library xil_defaultlib
INFO: [VRFC 10-307] analyzing entity MI
INFO: [VRFC 10-163] Analyzing VHDL file "/home/badaou/Bureau/PSI/psi/psi.srcs/sim_1/new/chemin_donnees.vhd" into library xil_defaultlib
INFO: [VRFC 10-307] analyzing entity chemin_donnees
INFO: [VRFC 10-163] Analyzing VHDL file "/home/badaou/Bureau/PSI/psi/psi.srcs/sources_1/new/MI.vhd" into library xil_defaultlib
INFO: [VRFC 10-307] analyzing entity MI
INFO: [VRFC 10-163] Analyzing VHDL file "/home/badaou/Bureau/PSI/psi/psi.srcs/sim_1/new/test_MI.vhd" into library xil_defaultlib
INFO: [VRFC 10-307] analyzing entity test_MI
INFO: [VRFC 10-163] Analyzing VHDL file "/home/badaou/Bureau/PSI/psi/psi.srcs/sources_1/new/banc_registre.vhd" into library xil_defaultlib
INFO: [VRFC 10-307] analyzing entity banc_registre
INFO: [VRFC 10-163] Analyzing VHDL file "/home/badaou/Bureau/PSI/psi/psi.srcs/sources_1/new/banc_registre.vhd" into library xil_defaultlib
INFO: [VRFC 10-307] analyzing entity banc_registre
INFO: [VRFC 10-163] Analyzing VHDL file "/home/badaou/Bureau/PSI/psi/psi.srcs/sources_1/new/banc_registre.vhd" into library xil_defaultlib
INFO: [VRFC 10-307] analyzing entity banc_registre
INFO: [VRFC 10-163] Analyzing VHDL file "/home/badaou/Bureau/PSI/psi/psi.srcs/sources_1/new/banc_registre.vhd" into library xil_defaultlib
INFO: [VRFC 10-307] analyzing entity banc_registre
INFO: [VRFC 10-163] Analyzing VHDL file "/home/badaou/Bureau/PSI/psi/psi.srcs/sources_1/new/banc_registre.vhd" into library xil_defaultlib
INFO: [VRFC 10-307] analyzing entity banc_registre
INFO: [VRFC 10-163] Analyzing VHDL file "/home/badaou/Bureau/PSI/psi/psi.srcs/sources_1/new/MI.vhd" into library xil_defaultlib
INFO: [VRFC 10-307] analyzing entity MI
INFO: [VRFC 10-163] Analyzing VHDL file "/home/badaou/Bureau/PSI/psi/psi.srcs/sources_1/new/ALU_.vhd" into library xil_defaultlib
INFO: [VRFC 10-307] analyzing entity ALU
INFO: [VRFC 10-163] Analyzing VHDL file "/home/badaou/Bureau/PSI/psi/psi.srcs/sim_1/new/chemin_donnees.vhd" into library xil_defaultlib
INFO: [VRFC 10-307] analyzing entity chemin_donnees
INFO: [VRFC 10-163] Analyzing VHDL file "/home/badaou/Bureau/PSI/psi/psi.srcs/sources_1/new/MI.vhd" into library xil_defaultlib
INFO: [VRFC 10-307] analyzing entity MI
INFO: [VRFC 10-163] Analyzing VHDL file "/home/badaou/Bureau/PSI/psi/psi.srcs/sim_1/new/test_MD.vhd" into library xil_defaultlib
INFO: [VRFC 10-307] analyzing entity test_MD
INFO: [VRFC 10-163] Analyzing VHDL file "/home/badaou/Bureau/PSI/psi/psi.srcs/sources_1/new/MD.vhd" into library xil_defaultlib
INFO: [VRFC 10-307] analyzing entity MD
INFO: [VRFC 10-163] Analyzing VHDL file "/home/badaou/Bureau/PSI/psi/psi.srcs/sources_1/new/ALEA.vhd" into library xil_defaultlib
INFO: [VRFC 10-307] analyzing entity ALEA
INFO: [VRFC 10-163] Analyzing VHDL file "/home/badaou/Bureau/PSI/psi/psi.srcs/sources_1/new/MI.vhd" into library xil_defaultlib
INFO: [VRFC 10-307] analyzing entity MI
INFO: [VRFC 10-163] Analyzing VHDL file "/home/badaou/Bureau/PSI/psi/psi.srcs/sim_1/new/chemin_donnees.vhd" into library xil_defaultlib
INFO: [VRFC 10-307] analyzing entity chemin_donnees
ERROR: [VRFC 10-1652] condition in if generate must be static [/home/badaou/Bureau/PSI/psi/psi.srcs/sim_1/new/chemin_donnees.vhd:151]
ERROR: [VRFC 10-1504] unit behavioral ignored due to previous errors [/home/badaou/Bureau/PSI/psi/psi.srcs/sim_1/new/chemin_donnees.vhd:38]
INFO: [VRFC 10-240] VHDL file /home/badaou/Bureau/PSI/psi/psi.srcs/sim_1/new/chemin_donnees.vhd ignored due to errors
INFO: [VRFC 10-163] Analyzing VHDL file "/home/badaou/Bureau/PSI/psi/psi.srcs/sources_1/new/ALEA.vhd" into library xil_defaultlib
INFO: [VRFC 10-307] analyzing entity ALEA
INFO: [VRFC 10-163] Analyzing VHDL file "/home/badaou/Bureau/PSI/psi/psi.srcs/sources_1/new/MI.vhd" into library xil_defaultlib
INFO: [VRFC 10-307] analyzing entity MI
INFO: [VRFC 10-163] Analyzing VHDL file "/home/badaou/Bureau/PSI/psi/psi.srcs/sim_1/new/chemin_donnees.vhd" into library xil_defaultlib
INFO: [VRFC 10-307] analyzing entity chemin_donnees
ERROR: [VRFC 10-1652] condition in if generate must be static [/home/badaou/Bureau/PSI/psi/psi.srcs/sim_1/new/chemin_donnees.vhd:151]
ERROR: [VRFC 10-1504] unit behavioral ignored due to previous errors [/home/badaou/Bureau/PSI/psi/psi.srcs/sim_1/new/chemin_donnees.vhd:38]
INFO: [VRFC 10-240] VHDL file /home/badaou/Bureau/PSI/psi/psi.srcs/sim_1/new/chemin_donnees.vhd ignored due to errors
INFO: [VRFC 10-163] Analyzing VHDL file "/home/badaou/Bureau/PSI/psi/psi.srcs/sources_1/new/ALEA.vhd" into library xil_defaultlib
INFO: [VRFC 10-307] analyzing entity ALEA
INFO: [VRFC 10-163] Analyzing VHDL file "/home/badaou/Bureau/PSI/psi/psi.srcs/sources_1/new/MI.vhd" into library xil_defaultlib
INFO: [VRFC 10-307] analyzing entity MI
INFO: [VRFC 10-163] Analyzing VHDL file "/home/badaou/Bureau/PSI/psi/psi.srcs/sim_1/new/chemin_donnees.vhd" into library xil_defaultlib
INFO: [VRFC 10-307] analyzing entity chemin_donnees
ERROR: [VRFC 10-1652] condition in if generate must be static [/home/badaou/Bureau/PSI/psi/psi.srcs/sim_1/new/chemin_donnees.vhd:151]
ERROR: [VRFC 10-1504] unit behavioral ignored due to previous errors [/home/badaou/Bureau/PSI/psi/psi.srcs/sim_1/new/chemin_donnees.vhd:38]
INFO: [VRFC 10-240] VHDL file /home/badaou/Bureau/PSI/psi/psi.srcs/sim_1/new/chemin_donnees.vhd ignored due to errors
INFO: [VRFC 10-163] Analyzing VHDL file "/home/badaou/Bureau/PSI/psi/psi.srcs/sources_1/new/ALEA.vhd" into library xil_defaultlib
INFO: [VRFC 10-307] analyzing entity ALEA
INFO: [VRFC 10-163] Analyzing VHDL file "/home/badaou/Bureau/PSI/psi/psi.srcs/sources_1/new/MI.vhd" into library xil_defaultlib
INFO: [VRFC 10-307] analyzing entity MI
INFO: [VRFC 10-163] Analyzing VHDL file "/home/badaou/Bureau/PSI/psi/psi.srcs/sim_1/new/chemin_donnees.vhd" into library xil_defaultlib
INFO: [VRFC 10-307] analyzing entity chemin_donnees
ERROR: [VRFC 10-1652] condition in if generate must be static [/home/badaou/Bureau/PSI/psi/psi.srcs/sim_1/new/chemin_donnees.vhd:151]
ERROR: [VRFC 10-1504] unit behavioral ignored due to previous errors [/home/badaou/Bureau/PSI/psi/psi.srcs/sim_1/new/chemin_donnees.vhd:38]
INFO: [VRFC 10-240] VHDL file /home/badaou/Bureau/PSI/psi/psi.srcs/sim_1/new/chemin_donnees.vhd ignored due to errors
INFO: [VRFC 10-163] Analyzing VHDL file "/home/badaou/Bureau/PSI/psi/psi.srcs/sources_1/new/ALEA.vhd" into library xil_defaultlib
INFO: [VRFC 10-307] analyzing entity ALEA
INFO: [VRFC 10-163] Analyzing VHDL file "/home/badaou/Bureau/PSI/psi/psi.srcs/sources_1/new/MI.vhd" into library xil_defaultlib
INFO: [VRFC 10-307] analyzing entity MI
INFO: [VRFC 10-163] Analyzing VHDL file "/home/badaou/Bureau/PSI/psi/psi.srcs/sim_1/new/chemin_donnees.vhd" into library xil_defaultlib
INFO: [VRFC 10-307] analyzing entity chemin_donnees
ERROR: [VRFC 10-1652] condition in if generate must be static [/home/badaou/Bureau/PSI/psi/psi.srcs/sim_1/new/chemin_donnees.vhd:152]
ERROR: [VRFC 10-1504] unit behavioral ignored due to previous errors [/home/badaou/Bureau/PSI/psi/psi.srcs/sim_1/new/chemin_donnees.vhd:38]
INFO: [VRFC 10-240] VHDL file /home/badaou/Bureau/PSI/psi/psi.srcs/sim_1/new/chemin_donnees.vhd ignored due to errors
INFO: [VRFC 10-163] Analyzing VHDL file "/home/badaou/Bureau/PSI/psi/psi.srcs/sources_1/new/ALEA.vhd" into library xil_defaultlib
INFO: [VRFC 10-307] analyzing entity ALEA
INFO: [VRFC 10-163] Analyzing VHDL file "/home/badaou/Bureau/PSI/psi/psi.srcs/sources_1/new/MI.vhd" into library xil_defaultlib
INFO: [VRFC 10-307] analyzing entity MI
INFO: [VRFC 10-163] Analyzing VHDL file "/home/badaou/Bureau/PSI/psi/psi.srcs/sim_1/new/chemin_donnees.vhd" into library xil_defaultlib
INFO: [VRFC 10-307] analyzing entity chemin_donnees
INFO: [VRFC 10-163] Analyzing VHDL file "/home/badaou/Bureau/PSI/psi/psi.srcs/sim_1/new/chemin_donnees.vhd" into library xil_defaultlib
INFO: [VRFC 10-307] analyzing entity chemin_donnees
INFO: [VRFC 10-163] Analyzing VHDL file "/home/badaou/Bureau/PSI/psi/psi.srcs/sources_1/new/MI.vhd" into library xil_defaultlib
INFO: [VRFC 10-307] analyzing entity MI
INFO: [VRFC 10-163] Analyzing VHDL file "/home/badaou/Bureau/PSI/psi/psi.srcs/sources_1/new/MI.vhd" into library xil_defaultlib
INFO: [VRFC 10-307] analyzing entity MI
INFO: [VRFC 10-163] Analyzing VHDL file "/home/badaou/Bureau/PSI/psi/psi.srcs/sim_1/new/chemin_donnees.vhd" into library xil_defaultlib
INFO: [VRFC 10-307] analyzing entity chemin_donnees
INFO: [VRFC 10-163] Analyzing VHDL file "/home/badaou/Bureau/PSI/psi/psi.srcs/sources_1/new/MI.vhd" into library xil_defaultlib
INFO: [VRFC 10-307] analyzing entity MI
INFO: [VRFC 10-163] Analyzing VHDL file "/home/badaou/Bureau/PSI/psi/psi.srcs/sim_1/new/chemin_donnees.vhd" into library xil_defaultlib
INFO: [VRFC 10-307] analyzing entity chemin_donnees
INFO: [VRFC 10-163] Analyzing VHDL file "/home/badaou/Bureau/PSI/psi/psi.srcs/sim_1/new/chemin_donnees.vhd" into library xil_defaultlib
INFO: [VRFC 10-307] analyzing entity chemin_donnees
INFO: [VRFC 10-163] Analyzing VHDL file "/home/badaou/Bureau/PSI/psi/psi.srcs/sim_1/new/chemin_donnees.vhd" into library xil_defaultlib
INFO: [VRFC 10-307] analyzing entity chemin_donnees
INFO: [VRFC 10-163] Analyzing VHDL file "/home/badaou/Bureau/PSI/psi/psi.srcs/sim_1/new/chemin_donnees.vhd" into library xil_defaultlib
INFO: [VRFC 10-307] analyzing entity chemin_donnees
INFO: [VRFC 10-163] Analyzing VHDL file "/home/badaou/Bureau/PSI/psi/psi.srcs/sim_1/new/chemin_donnees.vhd" into library xil_defaultlib
INFO: [VRFC 10-307] analyzing entity chemin_donnees
INFO: [VRFC 10-163] Analyzing VHDL file "/home/badaou/Bureau/PSI/psi/psi.srcs/sim_1/new/chemin_donnees.vhd" into library xil_defaultlib
INFO: [VRFC 10-307] analyzing entity chemin_donnees
INFO: [VRFC 10-163] Analyzing VHDL file "/home/badaou/Bureau/PSI/psi/psi.srcs/sim_1/new/chemin_donnees.vhd" into library xil_defaultlib
INFO: [VRFC 10-307] analyzing entity chemin_donnees
INFO: [VRFC 10-163] Analyzing VHDL file "/home/badaou/Bureau/PSI/psi/psi.srcs/sim_1/new/chemin_donnees.vhd" into library xil_defaultlib
INFO: [VRFC 10-307] analyzing entity chemin_donnees
INFO: [VRFC 10-163] Analyzing VHDL file "/home/badaou/Bureau/PSI/psi/psi.srcs/sim_1/new/chemin_donnees.vhd" into library xil_defaultlib
INFO: [VRFC 10-307] analyzing entity chemin_donnees
INFO: [VRFC 10-163] Analyzing VHDL file "/home/badaou/Bureau/PSI/psi/psi.srcs/sim_1/new/chemin_donnees.vhd" into library xil_defaultlib
INFO: [VRFC 10-307] analyzing entity chemin_donnees
INFO: [VRFC 10-163] Analyzing VHDL file "/home/badaou/Bureau/PSI/psi/psi.srcs/sim_1/new/chemin_donnees.vhd" into library xil_defaultlib
INFO: [VRFC 10-307] analyzing entity chemin_donnees
INFO: [VRFC 10-163] Analyzing VHDL file "/home/badaou/Bureau/PSI/psi/psi.srcs/sim_1/new/chemin_donnees.vhd" into library xil_defaultlib
INFO: [VRFC 10-307] analyzing entity chemin_donnees
INFO: [VRFC 10-163] Analyzing VHDL file "/home/badaou/Bureau/PSI/psi/psi.srcs/sim_1/new/chemin_donnees.vhd" into library xil_defaultlib
INFO: [VRFC 10-307] analyzing entity chemin_donnees
INFO: [VRFC 10-163] Analyzing VHDL file "/home/badaou/Bureau/PSI/psi/psi.srcs/sim_1/new/chemin_donnees.vhd" into library xil_defaultlib
INFO: [VRFC 10-307] analyzing entity chemin_donnees
INFO: [VRFC 10-163] Analyzing VHDL file "/home/badaou/Bureau/PSI/psi/psi.srcs/sources_1/new/MI.vhd" into library xil_defaultlib
INFO: [VRFC 10-307] analyzing entity MI
INFO: [VRFC 10-163] Analyzing VHDL file "/home/badaou/Bureau/PSI/psi/psi.srcs/sim_1/new/chemin_donnees.vhd" into library xil_defaultlib
INFO: [VRFC 10-307] analyzing entity chemin_donnees
INFO: [VRFC 10-163] Analyzing VHDL file "/home/badaou/Bureau/PSI/psi/psi.srcs/sim_1/new/chemin_donnees.vhd" into library xil_defaultlib
INFO: [VRFC 10-307] analyzing entity chemin_donnees
INFO: [VRFC 10-163] Analyzing VHDL file "/home/badaou/Bureau/PSI/psi/psi.srcs/sim_1/new/chemin_donnees.vhd" into library xil_defaultlib
INFO: [VRFC 10-307] analyzing entity chemin_donnees
INFO: [VRFC 10-163] Analyzing VHDL file "/home/badaou/Bureau/PSI/psi/psi.srcs/sim_1/new/chemin_donnees.vhd" into library xil_defaultlib
INFO: [VRFC 10-307] analyzing entity chemin_donnees
INFO: [VRFC 10-163] Analyzing VHDL file "/home/badaou/Bureau/PSI/psi/psi.srcs/sources_1/new/MI.vhd" into library xil_defaultlib
INFO: [VRFC 10-307] analyzing entity MI
INFO: [VRFC 10-163] Analyzing VHDL file "/home/badaou/Bureau/PSI/psi/psi.srcs/sim_1/new/chemin_donnees.vhd" into library xil_defaultlib
INFO: [VRFC 10-307] analyzing entity chemin_donnees
INFO: [VRFC 10-163] Analyzing VHDL file "/home/sall/Bureau/4IR/Projet_systeme_info/PSI/psi/psi.srcs/sources_1/new/ALEA.vhd" into library xil_defaultlib
INFO: [VRFC 10-307] analyzing entity ALEA
INFO: [VRFC 10-163] Analyzing VHDL file "/home/sall/Bureau/4IR/Projet_systeme_info/PSI/psi/psi.srcs/sources_1/new/ALU_.vhd" into library xil_defaultlib
INFO: [VRFC 10-307] analyzing entity ALU
INFO: [VRFC 10-163] Analyzing VHDL file "/home/sall/Bureau/4IR/Projet_systeme_info/PSI/psi/psi.srcs/sources_1/new/MD.vhd" into library xil_defaultlib
INFO: [VRFC 10-307] analyzing entity MD
INFO: [VRFC 10-163] Analyzing VHDL file "/home/sall/Bureau/4IR/Projet_systeme_info/PSI/psi/psi.srcs/sources_1/new/MI.vhd" into library xil_defaultlib
INFO: [VRFC 10-307] analyzing entity MI
INFO: [VRFC 10-163] Analyzing VHDL file "/home/sall/Bureau/4IR/Projet_systeme_info/PSI/psi/psi.srcs/sources_1/new/banc_registre.vhd" into library xil_defaultlib
INFO: [VRFC 10-307] analyzing entity banc_registre
INFO: [VRFC 10-163] Analyzing VHDL file "/home/sall/Bureau/4IR/Projet_systeme_info/PSI/psi/psi.srcs/sim_1/new/chemin_donnees.vhd" into library xil_defaultlib
INFO: [VRFC 10-307] analyzing entity chemin_donnees
INFO: [VRFC 10-163] Analyzing VHDL file "/home/sall/Bureau/4IR/Projet_systeme_info/PSI/psi/psi.srcs/sim_1/new/chemin_donnees.vhd" into library xil_defaultlib
INFO: [VRFC 10-307] analyzing entity chemin_donnees
INFO: [VRFC 10-163] Analyzing VHDL file "/home/sall/Bureau/4IR/Projet_systeme_info/PSI/psi/psi.srcs/sim_1/new/chemin_donnees.vhd" into library xil_defaultlib
INFO: [VRFC 10-307] analyzing entity chemin_donnees
INFO: [VRFC 10-163] Analyzing VHDL file "/home/sall/Bureau/4IR/Projet_systeme_info/PSI/psi/psi.srcs/sources_1/new/DI_EX.vhd" into library xil_defaultlib
INFO: [VRFC 10-307] analyzing entity EX_MEM
INFO: [VRFC 10-163] Analyzing VHDL file "/home/sall/Bureau/4IR/Projet_systeme_info/PSI/psi/psi.srcs/sources_1/new/LI_DI.vhd" into library xil_defaultlib
INFO: [VRFC 10-307] analyzing entity LI_DI
INFO: [VRFC 10-163] Analyzing VHDL file "/home/sall/Bureau/4IR/Projet_systeme_info/PSI/psi/psi.srcs/sim_1/new/chemin_donnees.vhd" into library xil_defaultlib
INFO: [VRFC 10-307] analyzing entity chemin_donnees
INFO: [VRFC 10-163] Analyzing VHDL file "/home/sall/Bureau/4IR/Projet_systeme_info/PSI/psi/psi.srcs/sim_1/new/chemin_donnees.vhd" into library xil_defaultlib
INFO: [VRFC 10-307] analyzing entity chemin_donnees
INFO: [VRFC 10-163] Analyzing VHDL file "/home/sall/Bureau/4IR/Projet_systeme_info/PSI/psi/psi.srcs/sources_1/new/DI_EX.vhd" into library xil_defaultlib
INFO: [VRFC 10-307] analyzing entity EX_MEM
INFO: [VRFC 10-163] Analyzing VHDL file "/home/sall/Bureau/4IR/Projet_systeme_info/PSI/psi/psi.srcs/sources_1/new/LI_DI.vhd" into library xil_defaultlib
INFO: [VRFC 10-307] analyzing entity LI_DI
INFO: [VRFC 10-163] Analyzing VHDL file "/home/sall/Bureau/4IR/Projet_systeme_info/PSI/psi/psi.srcs/sources_1/new/MI.vhd" into library xil_defaultlib
INFO: [VRFC 10-307] analyzing entity MI
INFO: [VRFC 10-163] Analyzing VHDL file "/home/sall/Bureau/4IR/Projet_systeme_info/PSI/psi/psi.srcs/sources_1/new/DI_EX.vhd" into library xil_defaultlib
INFO: [VRFC 10-307] analyzing entity EX_MEM
INFO: [VRFC 10-163] Analyzing VHDL file "/home/sall/Bureau/4IR/Projet_systeme_info/PSI/psi/psi.srcs/sim_1/new/chemin_donnees.vhd" into library xil_defaultlib
INFO: [VRFC 10-307] analyzing entity chemin_donnees
INFO: [VRFC 10-163] Analyzing VHDL file "/home/sall/Bureau/4IR/Projet_systeme_info/PSI/psi/psi.srcs/sim_1/new/chemin_donnees.vhd" into library xil_defaultlib
INFO: [VRFC 10-307] analyzing entity chemin_donnees
INFO: [VRFC 10-163] Analyzing VHDL file "/home/sall/Bureau/4IR/Projet_systeme_info/PSI/psi/psi.srcs/sources_1/new/DI_EX.vhd" into library xil_defaultlib
INFO: [VRFC 10-307] analyzing entity EX_MEM
INFO: [VRFC 10-163] Analyzing VHDL file "/home/sall/Bureau/4IR/Projet_systeme_info/PSI/psi/psi.srcs/sources_1/new/LI_DI.vhd" into library xil_defaultlib
INFO: [VRFC 10-307] analyzing entity LI_DI
INFO: [VRFC 10-163] Analyzing VHDL file "/home/sall/Bureau/4IR/Projet_systeme_info/PSI/psi/psi.srcs/sim_1/new/chemin_donnees.vhd" into library xil_defaultlib
INFO: [VRFC 10-307] analyzing entity chemin_donnees
INFO: [VRFC 10-163] Analyzing VHDL file "/home/sall/Bureau/4IR/Projet_systeme_info/PSI/psi/psi.srcs/sim_1/new/chemin_donnees.vhd" into library xil_defaultlib
INFO: [VRFC 10-307] analyzing entity chemin_donnees
INFO: [VRFC 10-163] Analyzing VHDL file "/home/sall/Bureau/4IR/Projet_systeme_info/PSI/psi/psi.srcs/sim_1/new/test_banc_registre.vhd" into library xil_defaultlib
INFO: [VRFC 10-307] analyzing entity test_banc_registre
INFO: [VRFC 10-163] Analyzing VHDL file "/home/sall/Bureau/4IR/Projet_systeme_info/PSI/psi/psi.srcs/sources_1/new/banc_registre.vhd" into library xil_defaultlib
INFO: [VRFC 10-307] analyzing entity banc_registre
INFO: [VRFC 10-163] Analyzing VHDL file "/home/sall/Bureau/4IR/Projet_systeme_info/PSI/psi/psi.srcs/sources_1/new/MD.vhd" into library xil_defaultlib
INFO: [VRFC 10-307] analyzing entity MD
INFO: [VRFC 10-163] Analyzing VHDL file "/home/sall/Bureau/4IR/Projet_systeme_info/PSI/psi/psi.srcs/sources_1/new/compteur_8bits.vhd" into library xil_defaultlib
INFO: [VRFC 10-307] analyzing entity compteur_8bits
INFO: [VRFC 10-163] Analyzing VHDL file "/home/sall/Bureau/4IR/Projet_systeme_info/PSI/psi/psi.srcs/sim_1/new/chemin_donnees.vhd" into library xil_defaultlib
INFO: [VRFC 10-307] analyzing entity chemin_donnees
INFO: [VRFC 10-163] Analyzing VHDL file "/home/sall/Bureau/4IR/Projet_systeme_info/PSI/psi/psi.srcs/sources_1/new/MI.vhd" into library xil_defaultlib
INFO: [VRFC 10-307] analyzing entity MI
INFO: [VRFC 10-163] Analyzing VHDL file "/home/sall/Bureau/4IR/Projet_systeme_info/PSI/psi/psi.srcs/sources_1/new/banc_registre.vhd" into library xil_defaultlib
INFO: [VRFC 10-307] analyzing entity banc_registre
INFO: [VRFC 10-163] Analyzing VHDL file "/home/sall/Bureau/4IR/Projet_systeme_info/PSI/psi/psi.srcs/sim_1/new/chemin_donnees.vhd" into library xil_defaultlib
INFO: [VRFC 10-307] analyzing entity chemin_donnees
INFO: [VRFC 10-163] Analyzing VHDL file "/home/sall/Bureau/4IR/Projet_systeme_info/PSI/psi/psi.srcs/sources_1/new/MI.vhd" into library xil_defaultlib
INFO: [VRFC 10-307] analyzing entity MI
INFO: [VRFC 10-163] Analyzing VHDL file "/home/sall/Bureau/4IR/Projet_systeme_info/PSI/psi/psi.srcs/sim_1/new/chemin_donnees.vhd" into library xil_defaultlib
INFO: [VRFC 10-307] analyzing entity chemin_donnees
INFO: [VRFC 10-163] Analyzing VHDL file "/home/sall/Bureau/4IR/Projet_systeme_info/PSI/psi/psi.srcs/sources_1/new/MI.vhd" into library xil_defaultlib
INFO: [VRFC 10-307] analyzing entity MI
INFO: [VRFC 10-163] Analyzing VHDL file "/home/sall/Bureau/4IR/Projet_systeme_info/PSI/psi/psi.srcs/sim_1/new/chemin_donnees.vhd" into library xil_defaultlib
INFO: [VRFC 10-307] analyzing entity chemin_donnees
INFO: [VRFC 10-163] Analyzing VHDL file "/home/sall/Bureau/4IR/Projet_systeme_info/PSI/psi/psi.srcs/sources_1/new/LI_DI.vhd" into library xil_defaultlib
INFO: [VRFC 10-307] analyzing entity LI_DI
INFO: [VRFC 10-163] Analyzing VHDL file "/home/sall/Bureau/4IR/Projet_systeme_info/PSI/psi/psi.srcs/sources_1/new/MI.vhd" into library xil_defaultlib
INFO: [VRFC 10-307] analyzing entity MI
INFO: [VRFC 10-163] Analyzing VHDL file "/home/sall/Bureau/4IR/Projet_systeme_info/PSI/psi/psi.srcs/sim_1/new/chemin_donnees.vhd" into library xil_defaultlib
INFO: [VRFC 10-307] analyzing entity chemin_donnees
INFO: [VRFC 10-163] Analyzing VHDL file "/home/sall/Bureau/4IR/Projet_systeme_info/PSI/psi/psi.srcs/sources_1/new/MI.vhd" into library xil_defaultlib
INFO: [VRFC 10-307] analyzing entity MI
INFO: [VRFC 10-163] Analyzing VHDL file "/home/sall/Bureau/4IR/Projet_systeme_info/PSI/psi/psi.srcs/sources_1/new/compteur_8bits.vhd" into library xil_defaultlib
INFO: [VRFC 10-307] analyzing entity compteur_8bits
INFO: [VRFC 10-163] Analyzing VHDL file "/home/sall/Bureau/4IR/Projet_systeme_info/PSI/psi/psi.srcs/sim_1/new/chemin_donnees.vhd" into library xil_defaultlib
INFO: [VRFC 10-307] analyzing entity chemin_donnees
INFO: [VRFC 10-163] Analyzing VHDL file "/home/sall/Bureau/4IR/Projet_systeme_info/PSI/psi/psi.srcs/sim_1/new/chemin_donnees.vhd" into library xil_defaultlib
INFO: [VRFC 10-307] analyzing entity chemin_donnees
INFO: [VRFC 10-163] Analyzing VHDL file "/home/sall/Bureau/4IR/Projet_systeme_info/PSI/psi/psi.srcs/sim_1/new/chemin_donnees.vhd" into library xil_defaultlib
INFO: [VRFC 10-307] analyzing entity chemin_donnees
INFO: [VRFC 10-163] Analyzing VHDL file "/home/sall/Bureau/4IR/Projet_systeme_info/PSI/psi/psi.srcs/sources_1/new/compteur_8bits.vhd" into library xil_defaultlib
INFO: [VRFC 10-307] analyzing entity compteur_8bits
INFO: [VRFC 10-163] Analyzing VHDL file "/home/sall/Bureau/4IR/Projet_systeme_info/PSI/psi/psi.srcs/sources_1/new/compteur_8bits.vhd" into library xil_defaultlib
INFO: [VRFC 10-307] analyzing entity compteur_8bits
INFO: [VRFC 10-163] Analyzing VHDL file "/home/sall/Bureau/4IR/Projet_systeme_info/PSI/psi/psi.srcs/sources_1/new/compteur_8bits.vhd" into library xil_defaultlib
INFO: [VRFC 10-307] analyzing entity compteur_8bits
INFO: [VRFC 10-163] Analyzing VHDL file "/home/sall/Bureau/4IR/Projet_systeme_info/PSI/psi/psi.srcs/sources_1/new/compteur_8bits.vhd" into library xil_defaultlib
INFO: [VRFC 10-307] analyzing entity compteur_8bits
INFO: [VRFC 10-163] Analyzing VHDL file "/home/sall/Bureau/4IR/Projet_systeme_info/PSI/psi/psi.srcs/sources_1/new/compteur_8bits.vhd" into library xil_defaultlib
INFO: [VRFC 10-307] analyzing entity compteur_8bits
INFO: [VRFC 10-163] Analyzing VHDL file "/home/sall/Bureau/4IR/Projet_systeme_info/PSI/psi/psi.srcs/sources_1/new/compteur_8bits.vhd" into library xil_defaultlib
INFO: [VRFC 10-307] analyzing entity compteur_8bits
INFO: [VRFC 10-163] Analyzing VHDL file "/home/sall/Bureau/4IR/Projet_systeme_info/PSI/psi/psi.srcs/sources_1/new/compteur_8bits.vhd" into library xil_defaultlib
INFO: [VRFC 10-307] analyzing entity compteur_8bits
INFO: [VRFC 10-163] Analyzing VHDL file "/home/sall/Bureau/4IR/Projet_systeme_info/PSI/psi/psi.srcs/sim_1/new/chemin_donnees.vhd" into library xil_defaultlib
INFO: [VRFC 10-307] analyzing entity chemin_donnees
INFO: [VRFC 10-163] Analyzing VHDL file "/home/sall/Bureau/4IR/Projet_systeme_info/PSI/psi/psi.srcs/sources_1/new/LI_DI.vhd" into library xil_defaultlib
INFO: [VRFC 10-307] analyzing entity LI_DI
INFO: [VRFC 10-163] Analyzing VHDL file "/home/sall/Bureau/4IR/Projet_systeme_info/PSI/psi/psi.srcs/sources_1/new/compteur_8bits.vhd" into library xil_defaultlib
INFO: [VRFC 10-307] analyzing entity compteur_8bits
INFO: [VRFC 10-163] Analyzing VHDL file "/home/sall/Bureau/4IR/Projet_systeme_info/PSI/psi/psi.srcs/sources_1/new/MI.vhd" into library xil_defaultlib
INFO: [VRFC 10-307] analyzing entity MI
INFO: [VRFC 10-163] Analyzing VHDL file "/home/sall/Bureau/4IR/Projet_systeme_info/PSI/psi/psi.srcs/sim_1/new/chemin_donnees.vhd" into library xil_defaultlib
INFO: [VRFC 10-307] analyzing entity chemin_donnees
INFO: [VRFC 10-163] Analyzing VHDL file "/home/sall/Bureau/4IR/Projet_systeme_info/PSI/psi/psi.srcs/sources_1/new/LI_DI.vhd" into library xil_defaultlib
INFO: [VRFC 10-307] analyzing entity LI_DI
INFO: [VRFC 10-163] Analyzing VHDL file "/home/sall/Bureau/4IR/Projet_systeme_info/PSI/psi/psi.srcs/sim_1/new/chemin_donnees.vhd" into library xil_defaultlib
INFO: [VRFC 10-307] analyzing entity chemin_donnees
INFO: [VRFC 10-163] Analyzing VHDL file "/home/sall/Bureau/4IR/Projet_systeme_info/PSI/psi/psi.srcs/sources_1/new/MI.vhd" into library xil_defaultlib
INFO: [VRFC 10-307] analyzing entity MI
INFO: [VRFC 10-163] Analyzing VHDL file "/home/sall/Bureau/4IR/Projet_systeme_info/PSI/psi/psi.srcs/sim_1/new/chemin_donnees.vhd" into library xil_defaultlib
INFO: [VRFC 10-307] analyzing entity chemin_donnees
INFO: [VRFC 10-163] Analyzing VHDL file "/home/sall/Bureau/4IR/Projet_systeme_info/PSI/psi/psi.srcs/sources_1/new/MI.vhd" into library xil_defaultlib
INFO: [VRFC 10-307] analyzing entity MI
INFO: [VRFC 10-163] Analyzing VHDL file "/home/sall/Bureau/4IR/Projet_systeme_info/PSI/psi/psi.srcs/sources_1/new/MI.vhd" into library xil_defaultlib
INFO: [VRFC 10-307] analyzing entity MI
INFO: [VRFC 10-163] Analyzing VHDL file "/home/sall/Bureau/4IR/Projet_systeme_info/PSI/psi/psi.srcs/sources_1/new/ALEA.vhd" into library xil_defaultlib
INFO: [VRFC 10-307] analyzing entity ALEA
INFO: [VRFC 10-163] Analyzing VHDL file "/home/sall/Bureau/4IR/Projet_systeme_info/PSI/psi/psi.srcs/sources_1/new/LI_DI.vhd" into library xil_defaultlib
INFO: [VRFC 10-307] analyzing entity LI_DI
INFO: [VRFC 10-163] Analyzing VHDL file "/home/sall/Bureau/4IR/Projet_systeme_info/PSI/psi/psi.srcs/sources_1/new/compteur_8bits.vhd" into library xil_defaultlib
INFO: [VRFC 10-307] analyzing entity compteur_8bits
INFO: [VRFC 10-163] Analyzing VHDL file "/home/sall/Bureau/4IR/Projet_systeme_info/PSI/psi/psi.srcs/sim_1/new/chemin_donnees.vhd" into library xil_defaultlib
INFO: [VRFC 10-307] analyzing entity chemin_donnees
INFO: [VRFC 10-163] Analyzing VHDL file "/home/sall/Bureau/4IR/Projet_systeme_info/PSI/psi/psi.srcs/sources_1/new/LI_DI.vhd" into library xil_defaultlib
INFO: [VRFC 10-307] analyzing entity LI_DI
INFO: [VRFC 10-163] Analyzing VHDL file "/home/sall/Bureau/4IR/Projet_systeme_info/PSI/psi/psi.srcs/sources_1/new/compteur_8bits.vhd" into library xil_defaultlib
INFO: [VRFC 10-307] analyzing entity compteur_8bits
INFO: [VRFC 10-163] Analyzing VHDL file "/home/sall/Bureau/4IR/Projet_systeme_info/PSI/psi/psi.srcs/sim_1/new/chemin_donnees.vhd" into library xil_defaultlib
INFO: [VRFC 10-307] analyzing entity chemin_donnees
INFO: [VRFC 10-163] Analyzing VHDL file "/home/sall/Bureau/4IR/Projet_systeme_info/PSI/psi/psi.srcs/sources_1/new/MI.vhd" into library xil_defaultlib
INFO: [VRFC 10-307] analyzing entity MI
INFO: [VRFC 10-163] Analyzing VHDL file "/home/sall/Bureau/4IR/Projet_systeme_info/PSI/psi/psi.srcs/sim_1/new/chemin_donnees.vhd" into library xil_defaultlib
INFO: [VRFC 10-307] analyzing entity chemin_donnees
INFO: [VRFC 10-163] Analyzing VHDL file "/home/sall/Bureau/4IR/Projet_systeme_info/PSI/psi/psi.srcs/sources_1/new/MI.vhd" into library xil_defaultlib
INFO: [VRFC 10-307] analyzing entity MI
INFO: [VRFC 10-163] Analyzing VHDL file "/home/sall/Bureau/4IR/Projet_systeme_info/PSI/psi/psi.srcs/sources_1/new/banc_registre.vhd" into library xil_defaultlib
INFO: [VRFC 10-307] analyzing entity banc_registre
INFO: [VRFC 10-163] Analyzing VHDL file "/home/sall/Bureau/4IR/Projet_systeme_info/PSI/psi/psi.srcs/sources_1/new/MD.vhd" into library xil_defaultlib
INFO: [VRFC 10-307] analyzing entity MD
INFO: [VRFC 10-163] Analyzing VHDL file "/home/sall/Bureau/4IR/Projet_systeme_info/PSI/psi/psi.srcs/sources_1/new/MI.vhd" into library xil_defaultlib
INFO: [VRFC 10-307] analyzing entity MI
INFO: [VRFC 10-163] Analyzing VHDL file "/home/sall/Bureau/4IR/Projet_systeme_info/PSI/psi/psi.srcs/sources_1/new/MI.vhd" into library xil_defaultlib
INFO: [VRFC 10-307] analyzing entity MI
INFO: [VRFC 10-163] Analyzing VHDL file "/home/sall/Bureau/4IR/Projet_systeme_info/PSI/psi/psi.srcs/sources_1/new/ALU_.vhd" into library xil_defaultlib
INFO: [VRFC 10-307] analyzing entity ALU
INFO: [VRFC 10-163] Analyzing VHDL file "/home/sall/Bureau/4IR/Projet_systeme_info/PSI/psi/psi.srcs/sources_1/new/MI.vhd" into library xil_defaultlib
INFO: [VRFC 10-307] analyzing entity MI
INFO: [VRFC 10-163] Analyzing VHDL file "/home/sall/Bureau/4IR/Projet_systeme_info/PSI/psi/psi.srcs/sim_1/new/chemin_donnees.vhd" into library xil_defaultlib
INFO: [VRFC 10-307] analyzing entity chemin_donnees
INFO: [VRFC 10-163] Analyzing VHDL file "/home/sall/Bureau/4IR/Projet_systeme_info/PSI/psi/psi.srcs/sources_1/new/ALEA.vhd" into library xil_defaultlib
INFO: [VRFC 10-307] analyzing entity ALEA
INFO: [VRFC 10-163] Analyzing VHDL file "/home/sall/Bureau/4IR/Projet_systeme_info/PSI/psi/psi.srcs/sources_1/new/LI_DI.vhd" into library xil_defaultlib
INFO: [VRFC 10-307] analyzing entity LI_DI
INFO: [VRFC 10-163] Analyzing VHDL file "/home/sall/Bureau/4IR/Projet_systeme_info/PSI/psi/psi.srcs/sim_1/new/test_ALU.vhd" into library xil_defaultlib
INFO: [VRFC 10-307] analyzing entity test_ALU
INFO: [VRFC 10-163] Analyzing VHDL file "/home/sall/Bureau/4IR/Projet_systeme_info/PSI/psi/psi.srcs/sim_1/new/test_ALU.vhd" into library xil_defaultlib
INFO: [VRFC 10-307] analyzing entity test_ALU
INFO: [VRFC 10-163] Analyzing VHDL file "/home/sall/Bureau/4IR/Projet_systeme_info/PSI/psi/psi.srcs/sim_1/new/test_ALU.vhd" into library xil_defaultlib
INFO: [VRFC 10-307] analyzing entity test_ALU
INFO: [VRFC 10-163] Analyzing VHDL file "/home/sall/Bureau/4IR/Projet_systeme_info/PSI/psi/psi.srcs/sim_1/new/test_ALU.vhd" into library xil_defaultlib
INFO: [VRFC 10-307] analyzing entity test_ALU
INFO: [VRFC 10-163] Analyzing VHDL file "/home/sall/Bureau/4IR/Projet_systeme_info/PSI/psi/psi.srcs/sim_1/new/test_ALU.vhd" into library xil_defaultlib
INFO: [VRFC 10-307] analyzing entity test_ALU
INFO: [VRFC 10-163] Analyzing VHDL file "/home/sall/Bureau/4IR/Projet_systeme_info/PSI/psi/psi.srcs/sim_1/new/test_ALU.vhd" into library xil_defaultlib
INFO: [VRFC 10-307] analyzing entity test_ALU
INFO: [VRFC 10-163] Analyzing VHDL file "/home/sall/Bureau/4IR/Projet_systeme_info/PSI/psi/psi.srcs/sim_1/new/test_ALU.vhd" into library xil_defaultlib
INFO: [VRFC 10-307] analyzing entity test_ALU
INFO: [VRFC 10-163] Analyzing VHDL file "/home/sall/Bureau/4IR/Projet_systeme_info/PSI/psi/psi.srcs/sim_1/new/test_ALU.vhd" into library xil_defaultlib
INFO: [VRFC 10-307] analyzing entity test_ALU
INFO: [VRFC 10-163] Analyzing VHDL file "/home/sall/Bureau/4IR/Projet_systeme_info/PSI/psi/psi.srcs/sim_1/new/test_ALU.vhd" into library xil_defaultlib
INFO: [VRFC 10-307] analyzing entity test_ALU
INFO: [VRFC 10-163] Analyzing VHDL file "/home/sall/Bureau/4IR/Projet_systeme_info/PSI/psi/psi.srcs/sources_1/new/ALU_.vhd" into library xil_defaultlib
INFO: [VRFC 10-307] analyzing entity ALU
INFO: [VRFC 10-163] Analyzing VHDL file "/home/sall/Bureau/4IR/Projet_systeme_info/PSI/psi/psi.srcs/sources_1/new/ALU_.vhd" into library xil_defaultlib
INFO: [VRFC 10-307] analyzing entity ALU
INFO: [VRFC 10-163] Analyzing VHDL file "/home/sall/Bureau/4IR/Projet_systeme_info/PSI/psi/psi.srcs/sim_1/new/test_ALU.vhd" into library xil_defaultlib
INFO: [VRFC 10-307] analyzing entity test_ALU
INFO: [VRFC 10-163] Analyzing VHDL file "/home/sall/Bureau/4IR/Projet_systeme_info/PSI/psi/psi.srcs/sim_1/new/test_ALU.vhd" into library xil_defaultlib
INFO: [VRFC 10-307] analyzing entity test_ALU
INFO: [VRFC 10-163] Analyzing VHDL file "/home/sall/Bureau/4IR/Projet_systeme_info/PSI/psi/psi.srcs/sources_1/new/MI.vhd" into library xil_defaultlib
INFO: [VRFC 10-307] analyzing entity MI
INFO: [VRFC 10-163] Analyzing VHDL file "/home/sall/Bureau/4IR/Projet_systeme_info/PSI/psi/psi.srcs/sim_1/new/chemin_donnees.vhd" into library xil_defaultlib
INFO: [VRFC 10-307] analyzing entity chemin_donnees
INFO: [VRFC 10-163] Analyzing VHDL file "/home/sall/Bureau/4IR/Projet_systeme_info/PSI/psi/psi.srcs/sim_1/new/chemin_donnees.vhd" into library xil_defaultlib
INFO: [VRFC 10-307] analyzing entity chemin_donnees
INFO: [VRFC 10-163] Analyzing VHDL file "/home/sall/Bureau/4IR/Projet_systeme_info/PSI/psi/psi.srcs/sources_1/new/MI.vhd" into library xil_defaultlib
INFO: [VRFC 10-307] analyzing entity MI
INFO: [VRFC 10-163] Analyzing VHDL file "/home/sall/Bureau/4IR/Projet_systeme_info/PSI/psi/psi.srcs/sources_1/new/compteur_8bits.vhd" into library xil_defaultlib
INFO: [VRFC 10-307] analyzing entity compteur_8bits
INFO: [VRFC 10-163] Analyzing VHDL file "/home/sall/Bureau/4IR/Projet_systeme_info/PSI/psi/psi.srcs/sim_1/new/chemin_donnees.vhd" into library xil_defaultlib
INFO: [VRFC 10-307] analyzing entity chemin_donnees
INFO: [VRFC 10-163] Analyzing VHDL file "/home/sall/Bureau/4IR/Projet_systeme_info/PSI/psi/psi.srcs/sources_1/new/MI.vhd" into library xil_defaultlib
INFO: [VRFC 10-307] analyzing entity MI
INFO: [VRFC 10-163] Analyzing VHDL file "/home/sall/Bureau/4IR/Projet_systeme_info/PSI/psi/psi.srcs/sources_1/new/MI.vhd" into library xil_defaultlib
INFO: [VRFC 10-307] analyzing entity MI
INFO: [VRFC 10-163] Analyzing VHDL file "/home/sall/Bureau/4IR/Projet_systeme_info/PSI/psi/psi.srcs/sim_1/new/chemin_donnees.vhd" into library xil_defaultlib
INFO: [VRFC 10-307] analyzing entity chemin_donnees
INFO: [VRFC 10-163] Analyzing VHDL file "/home/sall/Bureau/4IR/Projet_systeme_info/PSI/psi/psi.srcs/sim_1/new/chemin_donnees.vhd" into library xil_defaultlib
INFO: [VRFC 10-307] analyzing entity chemin_donnees
INFO: [VRFC 10-163] Analyzing VHDL file "/home/sall/Bureau/4IR/Projet_systeme_info/PSI/psi/psi.srcs/sim_1/new/chemin_donnees.vhd" into library xil_defaultlib
INFO: [VRFC 10-307] analyzing entity chemin_donnees
INFO: [VRFC 10-163] Analyzing VHDL file "/home/sall/Bureau/4IR/Projet_systeme_info/PSI/psi/psi.srcs/sources_1/new/banc_registre.vhd" into library xil_defaultlib
INFO: [VRFC 10-307] analyzing entity banc_registre
INFO: [VRFC 10-163] Analyzing VHDL file "/home/sall/Bureau/4IR/Projet_systeme_info/PSI/psi/psi.srcs/sources_1/new/MI.vhd" into library xil_defaultlib
INFO: [VRFC 10-307] analyzing entity MI
INFO: [VRFC 10-163] Analyzing VHDL file "/home/sall/Bureau/4IR/Projet_systeme_info/PSI/psi/psi.srcs/sources_1/new/banc_registre.vhd" into library xil_defaultlib
INFO: [VRFC 10-307] analyzing entity banc_registre
INFO: [VRFC 10-163] Analyzing VHDL file "/home/sall/Bureau/4IR/Projet_systeme_info/PSI/psi/psi.srcs/sources_1/new/compteur_8bits.vhd" into library xil_defaultlib
INFO: [VRFC 10-307] analyzing entity compteur_8bits
INFO: [VRFC 10-163] Analyzing VHDL file "/home/sall/Bureau/4IR/Projet_systeme_info/PSI/psi/psi.srcs/sources_1/new/MI.vhd" into library xil_defaultlib
INFO: [VRFC 10-307] analyzing entity MI
INFO: [VRFC 10-163] Analyzing VHDL file "/home/sall/Bureau/4IR/Projet_systeme_info/PSI/psi/psi.srcs/sources_1/new/MI.vhd" into library xil_defaultlib
INFO: [VRFC 10-307] analyzing entity MI
INFO: [VRFC 10-163] Analyzing VHDL file "/home/sall/Bureau/4IR/Projet_systeme_info/PSI/psi/psi.srcs/sources_1/new/MI.vhd" into library xil_defaultlib
INFO: [VRFC 10-307] analyzing entity MI
INFO: [VRFC 10-163] Analyzing VHDL file "/home/sall/Bureau/4IR/Projet_systeme_info/PSI/psi/psi.srcs/sources_1/new/MI.vhd" into library xil_defaultlib
INFO: [VRFC 10-307] analyzing entity MI
INFO: [VRFC 10-163] Analyzing VHDL file "/home/sall/Bureau/4IR/Projet_systeme_info/PSI/psi/psi.srcs/sim_1/new/chemin_donnees.vhd" into library xil_defaultlib
INFO: [VRFC 10-307] analyzing entity chemin_donnees
INFO: [VRFC 10-163] Analyzing VHDL file "/home/sall/Bureau/4IR/Projet_systeme_info/PSI/psi/psi.srcs/sim_1/new/chemin_donnees.vhd" into library xil_defaultlib
INFO: [VRFC 10-307] analyzing entity chemin_donnees
INFO: [VRFC 10-163] Analyzing VHDL file "/home/sall/Bureau/4IR/Projet_systeme_info/PSI/psi/psi.srcs/sources_1/new/compteur_8bits.vhd" into library xil_defaultlib
INFO: [VRFC 10-307] analyzing entity compteur_8bits
INFO: [VRFC 10-163] Analyzing VHDL file "/home/sall/Bureau/4IR/Projet_systeme_info/PSI/psi/psi.srcs/sim_1/new/chemin_donnees.vhd" into library xil_defaultlib
INFO: [VRFC 10-307] analyzing entity chemin_donnees
INFO: [VRFC 10-163] Analyzing VHDL file "/home/sall/Bureau/4IR/Projet_systeme_info/PSI/psi/psi.srcs/sim_1/new/chemin_donnees.vhd" into library xil_defaultlib
INFO: [VRFC 10-307] analyzing entity chemin_donnees
INFO: [VRFC 10-163] Analyzing VHDL file "/home/sall/Bureau/4IR/Projet_systeme_info/PSI/psi/psi.srcs/sources_1/new/MI.vhd" into library xil_defaultlib
INFO: [VRFC 10-307] analyzing entity MI
INFO: [VRFC 10-163] Analyzing VHDL file "/home/sall/Bureau/4IR/Projet_systeme_info/PSI/psi/psi.srcs/sources_1/new/compteur_8bits.vhd" into library xil_defaultlib
INFO: [VRFC 10-307] analyzing entity compteur_8bits
INFO: [VRFC 10-163] Analyzing VHDL file "/home/sall/Bureau/4IR/Projet_systeme_info/PSI/psi/psi.srcs/sim_1/new/chemin_donnees.vhd" into library xil_defaultlib
INFO: [VRFC 10-307] analyzing entity chemin_donnees
INFO: [VRFC 10-163] Analyzing VHDL file "/home/sall/Bureau/4IR/Projet_systeme_info/PSI/psi/psi.srcs/sim_1/new/chemin_donnees.vhd" into library xil_defaultlib
INFO: [VRFC 10-307] analyzing entity chemin_donnees
INFO: [VRFC 10-163] Analyzing VHDL file "/home/sall/Bureau/4IR/Projet_systeme_info/PSI/psi/psi.srcs/sim_1/new/chemin_donnees.vhd" into library xil_defaultlib
INFO: [VRFC 10-307] analyzing entity chemin_donnees
INFO: [VRFC 10-163] Analyzing VHDL file "/home/sall/Bureau/4IR/Projet_systeme_info/PSI/psi/psi.srcs/sim_1/new/chemin_donnees.vhd" into library xil_defaultlib
INFO: [VRFC 10-307] analyzing entity chemin_donnees
INFO: [VRFC 10-163] Analyzing VHDL file "/home/sall/Bureau/4IR/Projet_systeme_info/PSI/psi/psi.srcs/sim_1/new/chemin_donnees.vhd" into library xil_defaultlib
INFO: [VRFC 10-307] analyzing entity chemin_donnees
INFO: [VRFC 10-163] Analyzing VHDL file "/home/sall/Bureau/4IR/Projet_systeme_info/PSI/psi/psi.srcs/sim_1/new/chemin_donnees.vhd" into library xil_defaultlib
INFO: [VRFC 10-307] analyzing entity chemin_donnees
ERROR: [VRFC 10-1466] type std_logic_vector does not match with the integer literal [/home/sall/Bureau/4IR/Projet_systeme_info/PSI/psi/psi.srcs/sim_1/new/chemin_donnees.vhd:198]
ERROR: [VRFC 10-1504] unit behavioral ignored due to previous errors [/home/sall/Bureau/4IR/Projet_systeme_info/PSI/psi/psi.srcs/sim_1/new/chemin_donnees.vhd:40]
INFO: [VRFC 10-240] VHDL file /home/sall/Bureau/4IR/Projet_systeme_info/PSI/psi/psi.srcs/sim_1/new/chemin_donnees.vhd ignored due to errors
INFO: [VRFC 10-163] Analyzing VHDL file "/home/sall/Bureau/4IR/Projet_systeme_info/PSI/psi/psi.srcs/sim_1/new/chemin_donnees.vhd" into library xil_defaultlib
INFO: [VRFC 10-307] analyzing entity chemin_donnees
INFO: [VRFC 10-163] Analyzing VHDL file "/home/sall/Bureau/4IR/Projet_systeme_info/PSI/psi/psi.srcs/sim_1/new/chemin_donnees.vhd" into library xil_defaultlib
INFO: [VRFC 10-307] analyzing entity chemin_donnees
INFO: [VRFC 10-163] Analyzing VHDL file "/home/sall/Bureau/4IR/Projet_systeme_info/PSI/psi/psi.srcs/sim_1/new/chemin_donnees.vhd" into library xil_defaultlib
INFO: [VRFC 10-307] analyzing entity chemin_donnees
INFO: [VRFC 10-163] Analyzing VHDL file "/home/sall/Bureau/4IR/Projet_systeme_info/PSI/psi/psi.srcs/sim_1/new/chemin_donnees.vhd" into library xil_defaultlib
INFO: [VRFC 10-307] analyzing entity chemin_donnees
INFO: [VRFC 10-163] Analyzing VHDL file "/home/sall/Bureau/4IR/Projet_systeme_info/PSI/psi/psi.srcs/sources_1/new/MI.vhd" into library xil_defaultlib
INFO: [VRFC 10-307] analyzing entity MI
INFO: [VRFC 10-163] Analyzing VHDL file "/home/sall/Bureau/4IR/Projet_systeme_info/PSI/psi/psi.srcs/sources_1/new/ALEA.vhd" into library xil_defaultlib
INFO: [VRFC 10-307] analyzing entity ALEA
INFO: [VRFC 10-163] Analyzing VHDL file "/home/sall/Bureau/4IR/Projet_systeme_info/PSI/psi/psi.srcs/sources_1/new/ALEA.vhd" into library xil_defaultlib
INFO: [VRFC 10-307] analyzing entity ALEA
INFO: [VRFC 10-163] Analyzing VHDL file "/home/sall/Bureau/4IR/Projet_systeme_info/PSI/psi/psi.srcs/sim_1/new/chemin_donnees.vhd" into library xil_defaultlib
INFO: [VRFC 10-307] analyzing entity chemin_donnees
INFO: [VRFC 10-163] Analyzing VHDL file "/home/sall/Bureau/4IR/Projet_systeme_info/PSI/psi/psi.srcs/sources_1/new/ALEA.vhd" into library xil_defaultlib
INFO: [VRFC 10-307] analyzing entity ALEA
INFO: [VRFC 10-163] Analyzing VHDL file "/home/sall/Bureau/4IR/Projet_systeme_info/PSI/psi/psi.srcs/sources_1/new/ALEA.vhd" into library xil_defaultlib
INFO: [VRFC 10-307] analyzing entity ALEA
INFO: [VRFC 10-163] Analyzing VHDL file "/home/sall/Bureau/4IR/Projet_systeme_info/PSI/psi/psi.srcs/sources_1/new/ALEA.vhd" into library xil_defaultlib
INFO: [VRFC 10-307] analyzing entity ALEA
INFO: [VRFC 10-163] Analyzing VHDL file "/home/sall/Bureau/4IR/Projet_systeme_info/PSI/psi/psi.srcs/sources_1/new/ALEA.vhd" into library xil_defaultlib
INFO: [VRFC 10-307] analyzing entity ALEA
INFO: [VRFC 10-163] Analyzing VHDL file "/home/sall/Bureau/4IR/Projet_systeme_info/PSI/psi/psi.srcs/sources_1/new/MI.vhd" into library xil_defaultlib
INFO: [VRFC 10-307] analyzing entity MI
INFO: [VRFC 10-163] Analyzing VHDL file "/home/sall/Bureau/4IR/Projet_systeme_info/PSI/psi/psi.srcs/sources_1/new/compteur_8bits.vhd" into library xil_defaultlib
INFO: [VRFC 10-307] analyzing entity compteur_8bits
INFO: [VRFC 10-163] Analyzing VHDL file "/home/sall/Bureau/4IR/Projet_systeme_info/PSI/psi/psi.srcs/sources_1/new/MI.vhd" into library xil_defaultlib
INFO: [VRFC 10-307] analyzing entity MI
INFO: [VRFC 10-163] Analyzing VHDL file "/home/sall/Bureau/4IR/Projet_systeme_info/PSI/psi/psi.srcs/sources_1/new/ALEA.vhd" into library xil_defaultlib
INFO: [VRFC 10-307] analyzing entity ALEA
INFO: [VRFC 10-163] Analyzing VHDL file "/home/sall/Bureau/4IR/Projet_systeme_info/PSI/psi/psi.srcs/sources_1/new/MI.vhd" into library xil_defaultlib
INFO: [VRFC 10-307] analyzing entity MI
INFO: [VRFC 10-163] Analyzing VHDL file "/home/sall/Bureau/4IR/Projet_systeme_info/PSI/psi/psi.srcs/sources_1/new/MI.vhd" into library xil_defaultlib
INFO: [VRFC 10-307] analyzing entity MI
INFO: [VRFC 10-163] Analyzing VHDL file "/home/sall/Bureau/4IR/Projet_systeme_info/PSI/psi/psi.srcs/sources_1/new/ALEA.vhd" into library xil_defaultlib
INFO: [VRFC 10-307] analyzing entity ALEA
INFO: [VRFC 10-163] Analyzing VHDL file "/home/sall/Bureau/4IR/Projet_systeme_info/PSI/psi/psi.srcs/sources_1/new/MI.vhd" into library xil_defaultlib
INFO: [VRFC 10-307] analyzing entity MI
INFO: [VRFC 10-163] Analyzing VHDL file "/home/sall/Bureau/4IR/Projet_systeme_info/PSI/psi/psi.srcs/sim_1/new/chemin_donnees.vhd" into library xil_defaultlib
INFO: [VRFC 10-307] analyzing entity chemin_donnees
INFO: [VRFC 10-163] Analyzing VHDL file "/home/sall/Bureau/4IR/Projet_systeme_info/PSI/psi/psi.srcs/sources_1/new/MI.vhd" into library xil_defaultlib
INFO: [VRFC 10-307] analyzing entity MI
INFO: [VRFC 10-163] Analyzing VHDL file "/home/sall/Bureau/4IR/Projet_systeme_info/PSI/psi/psi.srcs/sim_1/new/chemin_donnees.vhd" into library xil_defaultlib
INFO: [VRFC 10-307] analyzing entity chemin_donnees
INFO: [VRFC 10-163] Analyzing VHDL file "/home/sall/Bureau/4IR/Projet_systeme_info/PSI/psi/psi.srcs/sim_1/new/chemin_donnees.vhd" into library xil_defaultlib
INFO: [VRFC 10-307] analyzing entity chemin_donnees
INFO: [VRFC 10-163] Analyzing VHDL file "/home/sall/Bureau/4IR/Projet_systeme_info/PSI/psi/psi.srcs/sources_1/new/ALEA.vhd" into library xil_defaultlib
INFO: [VRFC 10-307] analyzing entity ALEA
INFO: [VRFC 10-163] Analyzing VHDL file "/home/sall/Bureau/4IR/Projet_systeme_info/PSI/psi/psi.srcs/sources_1/new/ALEA.vhd" into library xil_defaultlib
INFO: [VRFC 10-307] analyzing entity ALEA
INFO: [VRFC 10-163] Analyzing VHDL file "/home/sall/Bureau/4IR/Projet_systeme_info/PSI/psi/psi.srcs/sources_1/new/MI.vhd" into library xil_defaultlib
INFO: [VRFC 10-307] analyzing entity MI
INFO: [VRFC 10-163] Analyzing VHDL file "/home/sall/Bureau/4IR/Projet_systeme_info/PSI/psi/psi.srcs/sources_1/new/ALEA.vhd" into library xil_defaultlib
INFO: [VRFC 10-307] analyzing entity ALEA
INFO: [VRFC 10-163] Analyzing VHDL file "/home/sall/Bureau/4IR/Projet_systeme_info/PSI/psi/psi.srcs/sources_1/new/MI.vhd" into library xil_defaultlib
INFO: [VRFC 10-307] analyzing entity MI
INFO: [VRFC 10-163] Analyzing VHDL file "/home/sall/Bureau/4IR/Projet_systeme_info/PSI/psi/psi.srcs/sources_1/new/ALEA.vhd" into library xil_defaultlib
INFO: [VRFC 10-307] analyzing entity ALEA
INFO: [VRFC 10-163] Analyzing VHDL file "/home/sall/Bureau/4IR/Projet_systeme_info/PSI/psi/psi.srcs/sim_1/new/test_ALU.vhd" into library xil_defaultlib
INFO: [VRFC 10-307] analyzing entity test_ALU
INFO: [VRFC 10-163] Analyzing VHDL file "/home/sall/Bureau/4IR/Projet_systeme_info/PSI/psi/psi.srcs/sim_1/new/test_ALU.vhd" into library xil_defaultlib
INFO: [VRFC 10-307] analyzing entity test_ALU
INFO: [VRFC 10-163] Analyzing VHDL file "/home/sall/Bureau/4IR/Projet_systeme_info/PSI/psi/psi.srcs/sim_1/new/test_ALU.vhd" into library xil_defaultlib
INFO: [VRFC 10-307] analyzing entity test_ALU
INFO: [VRFC 10-163] Analyzing VHDL file "/home/sall/Bureau/4IR/Projet_systeme_info/PSI/psi/psi.srcs/sources_1/new/ALEA.vhd" into library xil_defaultlib
INFO: [VRFC 10-307] analyzing entity ALEA
INFO: [VRFC 10-163] Analyzing VHDL file "/home/sall/Bureau/4IR/Projet_systeme_info/PSI/psi/psi.srcs/sources_1/new/MI.vhd" into library xil_defaultlib
INFO: [VRFC 10-307] analyzing entity MI
INFO: [VRFC 10-163] Analyzing VHDL file "/home/sall/Bureau/4IR/Projet_systeme_info/PSI/psi/psi.srcs/sources_1/new/MI.vhd" into library xil_defaultlib
INFO: [VRFC 10-307] analyzing entity MI
INFO: [VRFC 10-163] Analyzing VHDL file "/home/sall/Bureau/4IR/Projet_systeme_info/PSI/psi/psi.srcs/sources_1/new/MI.vhd" into library xil_defaultlib
INFO: [VRFC 10-307] analyzing entity MI
INFO: [VRFC 10-163] Analyzing VHDL file "/home/sall/Bureau/4IR/Projet_systeme_info/PSI/psi/psi.srcs/sources_1/new/MI.vhd" into library xil_defaultlib
INFO: [VRFC 10-307] analyzing entity MI
INFO: [VRFC 10-163] Analyzing VHDL file "/home/sall/Bureau/4IR/Projet_systeme_info/PSI/psi/psi.srcs/sources_1/new/MI.vhd" into library xil_defaultlib
INFO: [VRFC 10-307] analyzing entity MI
INFO: [VRFC 10-163] Analyzing VHDL file "/home/sall/Bureau/4IR/Projet_systeme_info/PSI/psi/psi.srcs/sources_1/new/MI.vhd" into library xil_defaultlib
INFO: [VRFC 10-307] analyzing entity MI
INFO: [VRFC 10-163] Analyzing VHDL file "/home/sall/Bureau/4IR/Projet_systeme_info/PSI/psi/psi.srcs/sources_1/new/MD.vhd" into library xil_defaultlib
INFO: [VRFC 10-307] analyzing entity MD
INFO: [VRFC 10-163] Analyzing VHDL file "/home/sall/Bureau/4IR/Projet_systeme_info/PSI/psi/psi.srcs/sources_1/new/banc_registre.vhd" into library xil_defaultlib
INFO: [VRFC 10-307] analyzing entity banc_registre
INFO: [VRFC 10-163] Analyzing VHDL file "/home/sall/Bureau/4IR/Projet_systeme_info/PSI/psi/psi.srcs/sources_1/new/ALEA.vhd" into library xil_defaultlib
INFO: [VRFC 10-307] analyzing entity ALEA
INFO: [VRFC 10-163] Analyzing VHDL file "/home/sall/Bureau/4IR/Projet_systeme_info/PSI/psi/psi.srcs/sources_1/new/MI.vhd" into library xil_defaultlib
INFO: [VRFC 10-307] analyzing entity MI
