Vivado Simulator 2018.2
Copyright 1986-1999, 2001-2018 Xilinx, Inc. All Rights Reserved.
Running: /usr/local/insa/Xilinx.VIVADO/Vivado/2018.2/bin/unwrapped/lnx64.o/xelab -wto 4720bc23867141858194a996509fe610 --incr --debug typical --relax --mt 8 -L xil_defaultlib -L secureip --snapshot chemin_donnees_behav xil_defaultlib.chemin_donnees -log elaborate.log 
Using 8 slave threads.
Starting static elaboration
Completed static elaboration
Starting simulation data flow analysis
Completed simulation data flow analysis
Time Resolution for simulation is 1ps
Compiling package std.standard
Compiling package std.textio
Compiling package ieee.std_logic_1164
Compiling package ieee.std_logic_arith
Compiling package ieee.std_logic_unsigned
Compiling package ieee.numeric_std
Compiling architecture behavioral of entity xil_defaultlib.compteur_8bits [compteur_8bits_default]
Compiling architecture behavioral of entity xil_defaultlib.MI [mi_default]
Compiling architecture behavioral of entity xil_defaultlib.banc_registre [banc_registre_default]
Compiling architecture behavioral of entity xil_defaultlib.ALU [alu_default]
Compiling architecture behavioral of entity xil_defaultlib.MD [md_default]
Compiling architecture behavioral of entity xil_defaultlib.ALEA [alea_default]
Compiling architecture behavioral of entity xil_defaultlib.LI_DI [li_di_default]
Compiling architecture behavioral of entity xil_defaultlib.EX_MEM [ex_mem_default]
Compiling architecture behavioral of entity xil_defaultlib.chemin_donnees
Built simulation snapshot chemin_donnees_behav
